{"uid":"4d8cabf089fb9138","name":"Buy items test","fullName":"com.github.eataborda.ui.features.StandardUserTest.buyItemsTest","historyId":"ec0eb34f8b5422957b3afdca24697a2c","time":{"start":1739437492131,"stop":1739437492491,"duration":360},"description":"A complete shopping flow","descriptionHtml":"<p>A complete shopping flow</p>\n","status":"broken","statusMessage":"Could not start a new session. Response code 500. Message: session not created: This version of ChromeDriver only supports Chrome version 131\nCurrent browser version is 133.0.6943.53 with binary path /usr/bin/google-chrome \nHost info: host: 'fv-az1691-811', ip: '10.1.0.88'\nBuild info: version: '4.26.0', revision: '8ccf0219d7'\nSystem info: os.name: 'Linux', os.arch: 'amd64', os.version: '6.8.0-1021-azure', java.version: '22.0.2'\nDriver info: org.openqa.selenium.chrome.ChromeDriver\nCommand: [null, newSession {capabilities=[Capabilities {browserName: chrome, goog:chromeOptions: {args: [--headless=new;--window-siz...], binary: /usr/bin/google-chrome, extensions: []}}]}]","statusTrace":"org.openqa.selenium.SessionNotCreatedException: Could not start a new session. Response code 500. Message: session not created: This version of ChromeDriver only supports Chrome version 131\nCurrent browser version is 133.0.6943.53 with binary path /usr/bin/google-chrome \nHost info: host: 'fv-az1691-811', ip: '10.1.0.88'\nBuild info: version: '4.26.0', revision: '8ccf0219d7'\nSystem info: os.name: 'Linux', os.arch: 'amd64', os.version: '6.8.0-1021-azure', java.version: '22.0.2'\nDriver info: org.openqa.selenium.chrome.ChromeDriver\nCommand: [null, newSession {capabilities=[Capabilities {browserName: chrome, goog:chromeOptions: {args: [--headless=new;--window-siz...], binary: /usr/bin/google-chrome, extensions: []}}]}]\n\tat org.openqa.selenium.remote.ProtocolHandshake.createSession(ProtocolHandshake.java:114)\n\tat org.openqa.selenium.remote.ProtocolHandshake.createSession(ProtocolHandshake.java:75)\n\tat org.openqa.selenium.remote.ProtocolHandshake.createSession(ProtocolHandshake.java:61)\n\tat org.openqa.selenium.remote.HttpCommandExecutor.execute(HttpCommandExecutor.java:162)\n\tat org.openqa.selenium.remote.service.DriverCommandExecutor.invokeExecute(DriverCommandExecutor.java:216)\n\tat org.openqa.selenium.remote.service.DriverCommandExecutor.execute(DriverCommandExecutor.java:174)\n\tat org.openqa.selenium.remote.RemoteWebDriver.execute(RemoteWebDriver.java:545)\n\tat org.openqa.selenium.remote.RemoteWebDriver.startSession(RemoteWebDriver.java:245)\n\tat org.openqa.selenium.remote.RemoteWebDriver.<init>(RemoteWebDriver.java:174)\n\tat org.openqa.selenium.chromium.ChromiumDriver.<init>(ChromiumDriver.java:114)\n\tat org.openqa.selenium.chrome.ChromeDriver.<init>(ChromeDriver.java:88)\n\tat org.openqa.selenium.chrome.ChromeDriver.<init>(ChromeDriver.java:83)\n\tat org.openqa.selenium.chrome.ChromeDriver.<init>(ChromeDriver.java:72)\n\tat com.github.eataborda.ui.driver.WebDriverConfig.setupBrowser(WebDriverConfig.java:28)\n\tat com.github.eataborda.ui.features.StandardUserTest.setupTest(StandardUserTest.java:33)\n\tat java.base/java.lang.reflect.Method.invoke(Method.java:580)\n\tat io.qameta.allure.junit5.AllureJunit5.processFixture(AllureJunit5.java:138)\n\tat io.qameta.allure.junit5.AllureJunit5.interceptBeforeEachMethod(AllureJunit5.java:116)\n\tat java.base/java.util.ArrayList.forEach(ArrayList.java:1597)\n\tat java.base/java.util.ArrayList.forEach(ArrayList.java:1597)\n","flaky":false,"newFailed":false,"newBroken":true,"newPassed":false,"retriesCount":0,"retriesStatusChange":false,"beforeStages":[{"name":"setupTest","time":{"start":1739437492131,"stop":1739437492490,"duration":359},"status":"broken","statusMessage":"Could not start a new session. Response code 500. Message: session not created: This version of ChromeDriver only supports Chrome version 131\nCurrent browser version is 133.0.6943.53 with binary path /usr/bin/google-chrome \nHost info: host: 'fv-az1691-811', ip: '10.1.0.88'\nBuild info: version: '4.26.0', revision: '8ccf0219d7'\nSystem info: os.name: 'Linux', os.arch: 'amd64', os.version: '6.8.0-1021-azure', java.version: '22.0.2'\nDriver info: org.openqa.selenium.chrome.ChromeDriver\nCommand: [null, newSession {capabilities=[Capabilities {browserName: chrome, goog:chromeOptions: {args: [--headless=new;--window-siz...], binary: /usr/bin/google-chrome, extensions: []}}]}]","statusTrace":"org.openqa.selenium.SessionNotCreatedException: Could not start a new session. Response code 500. Message: session not created: This version of ChromeDriver only supports Chrome version 131\nCurrent browser version is 133.0.6943.53 with binary path /usr/bin/google-chrome \nHost info: host: 'fv-az1691-811', ip: '10.1.0.88'\nBuild info: version: '4.26.0', revision: '8ccf0219d7'\nSystem info: os.name: 'Linux', os.arch: 'amd64', os.version: '6.8.0-1021-azure', java.version: '22.0.2'\nDriver info: org.openqa.selenium.chrome.ChromeDriver\nCommand: [null, newSession {capabilities=[Capabilities {browserName: chrome, goog:chromeOptions: {args: [--headless=new;--window-siz...], binary: /usr/bin/google-chrome, extensions: []}}]}]\n\tat org.openqa.selenium.remote.ProtocolHandshake.createSession(ProtocolHandshake.java:114)\n\tat org.openqa.selenium.remote.ProtocolHandshake.createSession(ProtocolHandshake.java:75)\n\tat org.openqa.selenium.remote.ProtocolHandshake.createSession(ProtocolHandshake.java:61)\n\tat org.openqa.selenium.remote.HttpCommandExecutor.execute(HttpCommandExecutor.java:162)\n\tat org.openqa.selenium.remote.service.DriverCommandExecutor.invokeExecute(DriverCommandExecutor.java:216)\n\tat org.openqa.selenium.remote.service.DriverCommandExecutor.execute(DriverCommandExecutor.java:174)\n\tat org.openqa.selenium.remote.RemoteWebDriver.execute(RemoteWebDriver.java:545)\n\tat org.openqa.selenium.remote.RemoteWebDriver.startSession(RemoteWebDriver.java:245)\n\tat org.openqa.selenium.remote.RemoteWebDriver.<init>(RemoteWebDriver.java:174)\n\tat org.openqa.selenium.chromium.ChromiumDriver.<init>(ChromiumDriver.java:114)\n\tat org.openqa.selenium.chrome.ChromeDriver.<init>(ChromeDriver.java:88)\n\tat org.openqa.selenium.chrome.ChromeDriver.<init>(ChromeDriver.java:83)\n\tat org.openqa.selenium.chrome.ChromeDriver.<init>(ChromeDriver.java:72)\n\tat com.github.eataborda.ui.driver.WebDriverConfig.setupBrowser(WebDriverConfig.java:28)\n\tat com.github.eataborda.ui.features.StandardUserTest.setupTest(StandardUserTest.java:33)\n\tat java.base/jdk.internal.reflect.DirectMethodHandleAccessor.invoke(DirectMethodHandleAccessor.java:103)\n\tat java.base/java.lang.reflect.Method.invoke(Method.java:580)\n\tat org.junit.platform.commons.util.ReflectionUtils.invokeMethod(ReflectionUtils.java:767)\n\tat org.junit.jupiter.engine.execution.MethodInvocation.proceed(MethodInvocation.java:60)\n\tat org.junit.jupiter.engine.execution.InvocationInterceptorChain$ValidatingInvocation.proceed(InvocationInterceptorChain.java:131)\n\tat io.qameta.allure.junit5.AllureJunit5.processFixture(AllureJunit5.java:138)\n\tat io.qameta.allure.junit5.AllureJunit5.interceptBeforeEachMethod(AllureJunit5.java:116)\n\tat org.junit.jupiter.engine.execution.InterceptingExecutableInvoker$ReflectiveInterceptorCall.lambda$ofVoidMethod$0(InterceptingExecutableInvoker.java:103)\n\tat org.junit.jupiter.engine.execution.InterceptingExecutableInvoker.lambda$invoke$0(InterceptingExecutableInvoker.java:93)\n\tat org.junit.jupiter.engine.execution.InvocationInterceptorChain$InterceptedInvocation.proceed(InvocationInterceptorChain.java:106)\n\tat org.junit.jupiter.engine.extension.TimeoutExtension.intercept(TimeoutExtension.java:156)\n\tat org.junit.jupiter.engine.extension.TimeoutExtension.interceptLifecycleMethod(TimeoutExtension.java:128)\n\tat org.junit.jupiter.engine.extension.TimeoutExtension.interceptBeforeEachMethod(TimeoutExtension.java:78)\n\tat org.junit.jupiter.engine.execution.InterceptingExecutableInvoker$ReflectiveInterceptorCall.lambda$ofVoidMethod$0(InterceptingExecutableInvoker.java:103)\n\tat org.junit.jupiter.engine.execution.InterceptingExecutableInvoker.lambda$invoke$0(InterceptingExecutableInvoker.java:93)\n\tat org.junit.jupiter.engine.execution.InvocationInterceptorChain$InterceptedInvocation.proceed(InvocationInterceptorChain.java:106)\n\tat org.junit.jupiter.engine.execution.InvocationInterceptorChain.proceed(InvocationInterceptorChain.java:64)\n\tat org.junit.jupiter.engine.execution.InvocationInterceptorChain.chainAndInvoke(InvocationInterceptorChain.java:45)\n\tat org.junit.jupiter.engine.execution.InvocationInterceptorChain.invoke(InvocationInterceptorChain.java:37)\n\tat org.junit.jupiter.engine.execution.InterceptingExecutableInvoker.invoke(InterceptingExecutableInvoker.java:92)\n\tat org.junit.jupiter.engine.execution.InterceptingExecutableInvoker.invoke(InterceptingExecutableInvoker.java:86)\n\tat org.junit.jupiter.engine.descriptor.ClassBasedTestDescriptor.invokeMethodInExtensionContext(ClassBasedTestDescriptor.java:521)\n\tat org.junit.jupiter.engine.descriptor.ClassBasedTestDescriptor.lambda$synthesizeBeforeEachMethodAdapter$24(ClassBasedTestDescriptor.java:506)\n\tat org.junit.jupiter.engine.descriptor.TestMethodTestDescriptor.lambda$invokeBeforeEachMethods$4(TestMethodTestDescriptor.java:174)\n\tat org.junit.jupiter.engine.descriptor.TestMethodTestDescriptor.lambda$invokeBeforeMethodsOrCallbacksUntilExceptionOccurs$7(TestMethodTestDescriptor.java:202)\n\tat org.junit.platform.engine.support.hierarchical.ThrowableCollector.execute(ThrowableCollector.java:73)\n\tat org.junit.jupiter.engine.descriptor.TestMethodTestDescriptor.invokeBeforeMethodsOrCallbacksUntilExceptionOccurs(TestMethodTestDescriptor.java:202)\n\tat org.junit.jupiter.engine.descriptor.TestMethodTestDescriptor.invokeBeforeEachMethods(TestMethodTestDescriptor.java:171)\n\tat org.junit.jupiter.engine.descriptor.TestMethodTestDescriptor.execute(TestMethodTestDescriptor.java:134)\n\tat org.junit.jupiter.engine.descriptor.TestMethodTestDescriptor.execute(TestMethodTestDescriptor.java:68)\n\tat org.junit.platform.engine.support.hierarchical.NodeTestTask.lambda$executeRecursively$6(NodeTestTask.java:156)\n\tat org.junit.platform.engine.support.hierarchical.ThrowableCollector.execute(ThrowableCollector.java:73)\n\tat org.junit.platform.engine.support.hierarchical.NodeTestTask.lambda$executeRecursively$8(NodeTestTask.java:146)\n\tat org.junit.platform.engine.support.hierarchical.Node.around(Node.java:137)\n\tat org.junit.platform.engine.support.hierarchical.NodeTestTask.lambda$executeRecursively$9(NodeTestTask.java:144)\n\tat org.junit.platform.engine.support.hierarchical.ThrowableCollector.execute(ThrowableCollector.java:73)\n\tat org.junit.platform.engine.support.hierarchical.NodeTestTask.executeRecursively(NodeTestTask.java:143)\n\tat org.junit.platform.engine.support.hierarchical.NodeTestTask.execute(NodeTestTask.java:100)\n\tat java.base/java.util.ArrayList.forEach(ArrayList.java:1597)\n\tat org.junit.platform.engine.support.hierarchical.SameThreadHierarchicalTestExecutorService.invokeAll(SameThreadHierarchicalTestExecutorService.java:41)\n\tat org.junit.platform.engine.support.hierarchical.NodeTestTask.lambda$executeRecursively$6(NodeTestTask.java:160)\n\tat org.junit.platform.engine.support.hierarchical.ThrowableCollector.execute(ThrowableCollector.java:73)\n\tat org.junit.platform.engine.support.hierarchical.NodeTestTask.lambda$executeRecursively$8(NodeTestTask.java:146)\n\tat org.junit.platform.engine.support.hierarchical.Node.around(Node.java:137)\n\tat org.junit.platform.engine.support.hierarchical.NodeTestTask.lambda$executeRecursively$9(NodeTestTask.java:144)\n\tat org.junit.platform.engine.support.hierarchical.ThrowableCollector.execute(ThrowableCollector.java:73)\n\tat org.junit.platform.engine.support.hierarchical.NodeTestTask.executeRecursively(NodeTestTask.java:143)\n\tat org.junit.platform.engine.support.hierarchical.NodeTestTask.execute(NodeTestTask.java:100)\n\tat java.base/java.util.ArrayList.forEach(ArrayList.java:1597)\n\tat org.junit.platform.engine.support.hierarchical.SameThreadHierarchicalTestExecutorService.invokeAll(SameThreadHierarchicalTestExecutorService.java:41)\n\tat org.junit.platform.engine.support.hierarchical.NodeTestTask.lambda$executeRecursively$6(NodeTestTask.java:160)\n\tat org.junit.platform.engine.support.hierarchical.ThrowableCollector.execute(ThrowableCollector.java:73)\n\tat org.junit.platform.engine.support.hierarchical.NodeTestTask.lambda$executeRecursively$8(NodeTestTask.java:146)\n\tat org.junit.platform.engine.support.hierarchical.Node.around(Node.java:137)\n\tat org.junit.platform.engine.support.hierarchical.NodeTestTask.lambda$executeRecursively$9(NodeTestTask.java:144)\n\tat org.junit.platform.engine.support.hierarchical.ThrowableCollector.execute(ThrowableCollector.java:73)\n\tat org.junit.platform.engine.support.hierarchical.NodeTestTask.executeRecursively(NodeTestTask.java:143)\n\tat org.junit.platform.engine.support.hierarchical.NodeTestTask.execute(NodeTestTask.java:100)\n\tat org.junit.platform.engine.support.hierarchical.SameThreadHierarchicalTestExecutorService.submit(SameThreadHierarchicalTestExecutorService.java:35)\n\tat org.junit.platform.engine.support.hierarchical.HierarchicalTestExecutor.execute(HierarchicalTestExecutor.java:57)\n\tat org.junit.platform.engine.support.hierarchical.HierarchicalTestEngine.execute(HierarchicalTestEngine.java:54)\n\tat org.junit.platform.launcher.core.EngineExecutionOrchestrator.execute(EngineExecutionOrchestrator.java:198)\n\tat org.junit.platform.launcher.core.EngineExecutionOrchestrator.execute(EngineExecutionOrchestrator.java:169)\n\tat org.junit.platform.launcher.core.EngineExecutionOrchestrator.execute(EngineExecutionOrchestrator.java:93)\n\tat org.junit.platform.launcher.core.EngineExecutionOrchestrator.lambda$execute$0(EngineExecutionOrchestrator.java:58)\n\tat org.junit.platform.launcher.core.EngineExecutionOrchestrator.withInterceptedStreams(EngineExecutionOrchestrator.java:141)\n\tat org.junit.platform.launcher.core.EngineExecutionOrchestrator.execute(EngineExecutionOrchestrator.java:57)\n\tat org.junit.platform.launcher.core.DefaultLauncher.execute(DefaultLauncher.java:103)\n\tat org.junit.platform.launcher.core.DefaultLauncher.execute(DefaultLauncher.java:85)\n\tat org.junit.platform.launcher.core.DelegatingLauncher.execute(DelegatingLauncher.java:47)\n\tat org.gradle.api.internal.tasks.testing.junitplatform.JUnitPlatformTestClassProcessor$CollectAllTestClassesExecutor.processAllTestClasses(JUnitPlatformTestClassProcessor.java:124)\n\tat org.gradle.api.internal.tasks.testing.junitplatform.JUnitPlatformTestClassProcessor$CollectAllTestClassesExecutor.access$000(JUnitPlatformTestClassProcessor.java:99)\n\tat org.gradle.api.internal.tasks.testing.junitplatform.JUnitPlatformTestClassProcessor.stop(JUnitPlatformTestClassProcessor.java:94)\n\tat org.gradle.api.internal.tasks.testing.SuiteTestClassProcessor.stop(SuiteTestClassProcessor.java:63)\n\tat java.base/jdk.internal.reflect.DirectMethodHandleAccessor.invoke(DirectMethodHandleAccessor.java:103)\n\tat java.base/java.lang.reflect.Method.invoke(Method.java:580)\n\tat org.gradle.internal.dispatch.ReflectionDispatch.dispatch(ReflectionDispatch.java:36)\n\tat org.gradle.internal.dispatch.ReflectionDispatch.dispatch(ReflectionDispatch.java:24)\n\tat org.gradle.internal.dispatch.ContextClassLoaderDispatch.dispatch(ContextClassLoaderDispatch.java:33)\n\tat org.gradle.internal.dispatch.ProxyDispatchAdapter$DispatchingInvocationHandler.invoke(ProxyDispatchAdapter.java:92)\n\tat jdk.proxy1/jdk.proxy1.$Proxy4.stop(Unknown Source)\n\tat org.gradle.api.internal.tasks.testing.worker.TestWorker$3.run(TestWorker.java:198)\n\tat org.gradle.api.internal.tasks.testing.worker.TestWorker.executeAndMaintainThreadName(TestWorker.java:130)\n\tat org.gradle.api.internal.tasks.testing.worker.TestWorker.execute(TestWorker.java:101)\n\tat org.gradle.api.internal.tasks.testing.worker.TestWorker.execute(TestWorker.java:61)\n\tat org.gradle.process.internal.worker.child.ActionExecutionWorker.execute(ActionExecutionWorker.java:56)\n\tat org.gradle.process.internal.worker.child.SystemApplicationClassLoaderWorker.call(SystemApplicationClassLoaderWorker.java:122)\n\tat org.gradle.process.internal.worker.child.SystemApplicationClassLoaderWorker.call(SystemApplicationClassLoaderWorker.java:69)\n\tat worker.org.gradle.process.internal.worker.GradleWorkerMain.run(GradleWorkerMain.java:69)\n\tat worker.org.gradle.process.internal.worker.GradleWorkerMain.main(GradleWorkerMain.java:74)\n","steps":[],"attachments":[],"parameters":[],"shouldDisplayMessage":true,"stepsCount":0,"attachmentsCount":0,"hasContent":true}],"afterStages":[{"name":"teardown","time":{"start":1739437492490,"stop":1739437492490,"duration":0},"status":"passed","steps":[],"attachments":[],"parameters":[],"shouldDisplayMessage":false,"stepsCount":0,"attachmentsCount":0,"hasContent":false}],"labels":[{"name":"tag","value":"buy-items"},{"name":"tag","value":"standard-user"},{"name":"tag","value":"smoke"},{"name":"tag","value":"regression"},{"name":"junit.platform.uniqueid","value":"[engine:junit-jupiter]/[class:com.github.eataborda.ui.features.StandardUserTest]/[method:buyItemsTest()]"},{"name":"epic","value":"Shopping"},{"name":"feature","value":"Buy Items"},{"name":"host","value":"fv-az1691-811"},{"name":"thread","value":"2413@fv-az1691-811.Test worker(1)"},{"name":"framework","value":"junit-platform"},{"name":"language","value":"java"},{"name":"package","value":"com.github.eataborda.ui.features.StandardUserTest"},{"name":"testClass","value":"com.github.eataborda.ui.features.StandardUserTest"},{"name":"testMethod","value":"buyItemsTest"},{"name":"suite","value":"Standard User"},{"name":"resultFormat","value":"allure2"}],"parameters":[],"links":[],"hidden":false,"retry":false,"extra":{"severity":"normal","retries":[],"categories":[{"name":"Test defects","matchedStatuses":[],"flaky":false}],"history":{"statistic":{"failed":0,"broken":20,"skipped":0,"passed":38,"unknown":0,"total":58},"items":[{"uid":"1c966eef4b34b3c2","reportUrl":"https://eataborda.github.io/ui-selenium/233//#testresult/1c966eef4b34b3c2","status":"passed","time":{"start":1739178333578,"stop":1739178337358,"duration":3780}},{"uid":"d76756f5363bd0b5","reportUrl":"https://eataborda.github.io/ui-selenium/232//#testresult/d76756f5363bd0b5","status":"passed","time":{"start":1738832698228,"stop":1738832701873,"duration":3645}},{"uid":"68c0ef1d1638644e","reportUrl":"https://eataborda.github.io/ui-selenium/231//#testresult/68c0ef1d1638644e","status":"passed","time":{"start":1738573530241,"stop":1738573533984,"duration":3743}},{"uid":"a4fa906939c1b447","reportUrl":"https://eataborda.github.io/ui-selenium/230//#testresult/a4fa906939c1b447","status":"broken","statusDetails":"Expected condition failed: waiting for visibility of Proxy element for: DefaultElementLocator 'By.xpath: //h2[@data-test=\"complete-header\"]' (tried for 5 second(s) with 500 milliseconds interval)","time":{"start":1738227892699,"stop":1738227900821,"duration":8122}},{"uid":"2cec60a6e1f05471","reportUrl":"https://eataborda.github.io/ui-selenium/229//#testresult/2cec60a6e1f05471","status":"broken","statusDetails":"Expected condition failed: waiting for visibility of Proxy element for: DefaultElementLocator 'By.xpath: //h2[@data-test=\"complete-header\"]' (tried for 5 second(s) with 500 milliseconds interval)","time":{"start":1737968743102,"stop":1737968751321,"duration":8219}},{"uid":"4d15839ac869dd8f","reportUrl":"https://eataborda.github.io/ui-selenium/228//#testresult/4d15839ac869dd8f","status":"passed","time":{"start":1737623101205,"stop":1737623104755,"duration":3550}},{"uid":"d872c334c55620af","reportUrl":"https://eataborda.github.io/ui-selenium/227//#testresult/d872c334c55620af","status":"passed","time":{"start":1737363909278,"stop":1737363913049,"duration":3771}},{"uid":"da7bca506fc1740b","reportUrl":"https://eataborda.github.io/ui-selenium/226//#testresult/da7bca506fc1740b","status":"passed","time":{"start":1737018312740,"stop":1737018316468,"duration":3728}},{"uid":"831ff1e9d5533fb1","reportUrl":"https://eataborda.github.io/ui-selenium/225//#testresult/831ff1e9d5533fb1","status":"broken","statusDetails":"Expected condition failed: waiting for visibility of Proxy element for: DefaultElementLocator 'By.xpath: //h2[@data-test=\"complete-header\"]' (tried for 5 second(s) with 500 milliseconds interval)","time":{"start":1736759118704,"stop":1736759126896,"duration":8192}},{"uid":"bc25d6ad05474349","reportUrl":"https://eataborda.github.io/ui-selenium/224//#testresult/bc25d6ad05474349","status":"broken","statusDetails":"Expected condition failed: waiting for visibility of Proxy element for: DefaultElementLocator 'By.xpath: //h2[@data-test=\"complete-header\"]' (tried for 5 second(s) with 500 milliseconds interval)","time":{"start":1736413526842,"stop":1736413535053,"duration":8211}},{"uid":"7a25f74b5d2c9dd0","reportUrl":"https://eataborda.github.io/ui-selenium/223//#testresult/7a25f74b5d2c9dd0","status":"passed","time":{"start":1736154311234,"stop":1736154314827,"duration":3593}},{"uid":"60237309ea962a00","reportUrl":"https://eataborda.github.io/ui-selenium/222//#testresult/60237309ea962a00","status":"passed","time":{"start":1735808681355,"stop":1735808684911,"duration":3556}},{"uid":"aafb2917dcb3cb0","reportUrl":"https://eataborda.github.io/ui-selenium/221//#testresult/aafb2917dcb3cb0","status":"passed","time":{"start":1735549504162,"stop":1735549507811,"duration":3649}},{"uid":"438253da90a4c1e7","reportUrl":"https://eataborda.github.io/ui-selenium/220//#testresult/438253da90a4c1e7","status":"passed","time":{"start":1735203879875,"stop":1735203883464,"duration":3589}},{"uid":"d28e19d94dd0452b","reportUrl":"https://eataborda.github.io/ui-selenium/219//#testresult/d28e19d94dd0452b","status":"passed","time":{"start":1734944713042,"stop":1734944716616,"duration":3574}},{"uid":"881734625f83b82f","reportUrl":"https://eataborda.github.io/ui-selenium/218//#testresult/881734625f83b82f","status":"passed","time":{"start":1734599110293,"stop":1734599113984,"duration":3691}},{"uid":"accd1c364bb73012","reportUrl":"https://eataborda.github.io/ui-selenium/217//#testresult/accd1c364bb73012","status":"passed","time":{"start":1734339931174,"stop":1734339934817,"duration":3643}},{"uid":"89534dc9b4c30779","reportUrl":"https://eataborda.github.io/ui-selenium/216//#testresult/89534dc9b4c30779","status":"passed","time":{"start":1733994314838,"stop":1733994318410,"duration":3572}},{"uid":"8adffff319dd2806","reportUrl":"https://eataborda.github.io/ui-selenium/215//#testresult/8adffff319dd2806","status":"passed","time":{"start":1733735143083,"stop":1733735146705,"duration":3622}},{"uid":"858e9ebd40fa0c4","reportUrl":"https://eataborda.github.io/ui-selenium/214//#testresult/858e9ebd40fa0c4","status":"passed","time":{"start":1733389530235,"stop":1733389533781,"duration":3546}}]},"tags":["standard-user","regression","smoke","buy-items"]},"source":"4d8cabf089fb9138.json","parameterValues":[]}