{"uid":"d3545888e8bd2cbb","name":"Buy items test","fullName":"com.github.eataborda.ui.features.StandardUserTest.buyItemsTest","historyId":"ec0eb34f8b5422957b3afdca24697a2c","time":{"start":1732525525679,"stop":1732525533905,"duration":8226},"description":"A complete shopping flow","descriptionHtml":"<p>A complete shopping flow</p>\n","status":"broken","statusMessage":"Expected condition failed: waiting for visibility of Proxy element for: DefaultElementLocator 'By.xpath: //h2[@data-test=\"complete-header\"]' (tried for 5 second(s) with 500 milliseconds interval)","statusTrace":"org.openqa.selenium.TimeoutException: Expected condition failed: waiting for visibility of Proxy element for: DefaultElementLocator 'By.xpath: //h2[@data-test=\"complete-header\"]' (tried for 5 second(s) with 500 milliseconds interval)\n\tat org.openqa.selenium.support.ui.FluentWait.timeoutException(FluentWait.java:265)\n\tat org.openqa.selenium.support.ui.FluentWait.until(FluentWait.java:228)\n\tat com.github.eataborda.ui.pages.BasePage.waitUntilElementIsVisible(BasePage.java:49)\n\tat com.github.eataborda.ui.pages.CheckOutCompletePage.submitBackHome(CheckOutCompletePage.java:27)\n\tat com.github.eataborda.ui.steps.CheckOutCompleteSteps.submitBackHome(CheckOutCompleteSteps.java:15)\n\tat com.github.eataborda.ui.features.StandardUserTest.buyItemsTest(StandardUserTest.java:63)\n\tat java.base/java.lang.reflect.Method.invoke(Method.java:580)\n\tat java.base/java.util.ArrayList.forEach(ArrayList.java:1597)\n\tat java.base/java.util.ArrayList.forEach(ArrayList.java:1597)\nCaused by: org.openqa.selenium.NoSuchElementException: no such element: Unable to locate element: {\"method\":\"xpath\",\"selector\":\"//h2[@data-test=\"complete-header\"]\"}\n  (Session info: chrome=131.0.6778.69)\nFor documentation on this error, please visit: https://www.selenium.dev/documentation/webdriver/troubleshooting/errors#no-such-element-exception\nBuild info: version: '4.26.0', revision: '8ccf0219d7'\nSystem info: os.name: 'Linux', os.arch: 'amd64', os.version: '6.5.0-1025-azure', java.version: '22.0.2'\nDriver info: org.openqa.selenium.chrome.ChromeDriver\nCommand: [b0c0592ea64f8fdd04f12fefab41c49e, findElement {using=xpath, value=//h2[@data-test=\"complete-header\"]}]\nCapabilities {acceptInsecureCerts: false, browserName: chrome, browserVersion: 131.0.6778.69, chrome: {chromedriverVersion: 131.0.6778.85 (3d81e41b6f3a..., userDataDir: /tmp/.org.chromium.Chromium...}, fedcm:accounts: true, goog:chromeOptions: {debuggerAddress: localhost:39885}, networkConnectionEnabled: false, pageLoadStrategy: normal, platformName: linux, proxy: Proxy(), se:cdp: ws://localhost:39885/devtoo..., se:cdpVersion: 131.0.6778.69, setWindowRect: true, strictFileInteractability: false, timeouts: {implicit: 0, pageLoad: 300000, script: 30000}, unhandledPromptBehavior: dismiss and notify, webauthn:extension:credBlob: true, webauthn:extension:largeBlob: true, webauthn:extension:minPinLength: true, webauthn:extension:prf: true, webauthn:virtualAuthenticators: true}\nSession ID: b0c0592ea64f8fdd04f12fefab41c49e\n\tat java.base/jdk.internal.reflect.DirectConstructorHandleAccessor.newInstance(DirectConstructorHandleAccessor.java:62)\n\tat java.base/java.lang.reflect.Constructor.newInstanceWithCaller(Constructor.java:502)\n\tat java.base/java.lang.reflect.Constructor.newInstance(Constructor.java:486)\n\tat org.openqa.selenium.remote.ErrorCodec.decode(ErrorCodec.java:167)\n\tat org.openqa.selenium.remote.codec.w3c.W3CHttpResponseCodec.decode(W3CHttpResponseCodec.java:138)\n\tat org.openqa.selenium.remote.codec.w3c.W3CHttpResponseCodec.decode(W3CHttpResponseCodec.java:50)\n\tat org.openqa.selenium.remote.HttpCommandExecutor.execute(HttpCommandExecutor.java:190)\n\tat org.openqa.selenium.remote.service.DriverCommandExecutor.invokeExecute(DriverCommandExecutor.java:216)\n\tat org.openqa.selenium.remote.service.DriverCommandExecutor.execute(DriverCommandExecutor.java:174)\n\tat org.openqa.selenium.remote.RemoteWebDriver.execute(RemoteWebDriver.java:545)\n\tat org.openqa.selenium.remote.ElementLocation$ElementFinder$2.findElement(ElementLocation.java:165)\n\tat org.openqa.selenium.remote.ElementLocation.findElement(ElementLocation.java:59)\n\tat org.openqa.selenium.remote.RemoteWebDriver.findElement(RemoteWebDriver.java:368)\n\tat org.openqa.selenium.remote.RemoteWebDriver.findElement(RemoteWebDriver.java:362)\n\tat org.openqa.selenium.support.pagefactory.DefaultElementLocator.findElement(DefaultElementLocator.java:68)\n\tat org.openqa.selenium.support.pagefactory.internal.LocatingElementHandler.invoke(LocatingElementHandler.java:38)\n\tat jdk.proxy3/jdk.proxy3.$Proxy27.isDisplayed(Unknown Source)\n\tat org.openqa.selenium.support.ui.ExpectedConditions.elementIfVisible(ExpectedConditions.java:304)\n\tat org.openqa.selenium.support.ui.ExpectedConditions$10.apply(ExpectedConditions.java:290)\n\tat org.openqa.selenium.support.ui.ExpectedConditions$10.apply(ExpectedConditions.java:287)\n\tat org.openqa.selenium.support.ui.FluentWait.until(FluentWait.java:203)\n\t... 7 more\n","flaky":false,"newFailed":false,"newBroken":true,"newPassed":false,"retriesCount":0,"retriesStatusChange":false,"beforeStages":[{"name":"setupTest","time":{"start":1732525525680,"stop":1732525526199,"duration":519},"status":"passed","steps":[],"attachments":[],"parameters":[],"shouldDisplayMessage":false,"stepsCount":0,"attachmentsCount":0,"hasContent":false}],"testStage":{"description":"A complete shopping flow","status":"broken","statusMessage":"Expected condition failed: waiting for visibility of Proxy element for: DefaultElementLocator 'By.xpath: //h2[@data-test=\"complete-header\"]' (tried for 5 second(s) with 500 milliseconds interval)","statusTrace":"org.openqa.selenium.TimeoutException: Expected condition failed: waiting for visibility of Proxy element for: DefaultElementLocator 'By.xpath: //h2[@data-test=\"complete-header\"]' (tried for 5 second(s) with 500 milliseconds interval)\n\tat org.openqa.selenium.support.ui.FluentWait.timeoutException(FluentWait.java:265)\n\tat org.openqa.selenium.support.ui.FluentWait.until(FluentWait.java:228)\n\tat com.github.eataborda.ui.pages.BasePage.waitUntilElementIsVisible(BasePage.java:49)\n\tat com.github.eataborda.ui.pages.CheckOutCompletePage.submitBackHome(CheckOutCompletePage.java:27)\n\tat com.github.eataborda.ui.steps.CheckOutCompleteSteps.submitBackHome(CheckOutCompleteSteps.java:15)\n\tat com.github.eataborda.ui.features.StandardUserTest.buyItemsTest(StandardUserTest.java:63)\n\tat java.base/java.lang.reflect.Method.invoke(Method.java:580)\n\tat java.base/java.util.ArrayList.forEach(ArrayList.java:1597)\n\tat java.base/java.util.ArrayList.forEach(ArrayList.java:1597)\nCaused by: org.openqa.selenium.NoSuchElementException: no such element: Unable to locate element: {\"method\":\"xpath\",\"selector\":\"//h2[@data-test=\"complete-header\"]\"}\n  (Session info: chrome=131.0.6778.69)\nFor documentation on this error, please visit: https://www.selenium.dev/documentation/webdriver/troubleshooting/errors#no-such-element-exception\nBuild info: version: '4.26.0', revision: '8ccf0219d7'\nSystem info: os.name: 'Linux', os.arch: 'amd64', os.version: '6.5.0-1025-azure', java.version: '22.0.2'\nDriver info: org.openqa.selenium.chrome.ChromeDriver\nCommand: [b0c0592ea64f8fdd04f12fefab41c49e, findElement {using=xpath, value=//h2[@data-test=\"complete-header\"]}]\nCapabilities {acceptInsecureCerts: false, browserName: chrome, browserVersion: 131.0.6778.69, chrome: {chromedriverVersion: 131.0.6778.85 (3d81e41b6f3a..., userDataDir: /tmp/.org.chromium.Chromium...}, fedcm:accounts: true, goog:chromeOptions: {debuggerAddress: localhost:39885}, networkConnectionEnabled: false, pageLoadStrategy: normal, platformName: linux, proxy: Proxy(), se:cdp: ws://localhost:39885/devtoo..., se:cdpVersion: 131.0.6778.69, setWindowRect: true, strictFileInteractability: false, timeouts: {implicit: 0, pageLoad: 300000, script: 30000}, unhandledPromptBehavior: dismiss and notify, webauthn:extension:credBlob: true, webauthn:extension:largeBlob: true, webauthn:extension:minPinLength: true, webauthn:extension:prf: true, webauthn:virtualAuthenticators: true}\nSession ID: b0c0592ea64f8fdd04f12fefab41c49e\n\tat java.base/jdk.internal.reflect.DirectConstructorHandleAccessor.newInstance(DirectConstructorHandleAccessor.java:62)\n\tat java.base/java.lang.reflect.Constructor.newInstanceWithCaller(Constructor.java:502)\n\tat java.base/java.lang.reflect.Constructor.newInstance(Constructor.java:486)\n\tat org.openqa.selenium.remote.ErrorCodec.decode(ErrorCodec.java:167)\n\tat org.openqa.selenium.remote.codec.w3c.W3CHttpResponseCodec.decode(W3CHttpResponseCodec.java:138)\n\tat org.openqa.selenium.remote.codec.w3c.W3CHttpResponseCodec.decode(W3CHttpResponseCodec.java:50)\n\tat org.openqa.selenium.remote.HttpCommandExecutor.execute(HttpCommandExecutor.java:190)\n\tat org.openqa.selenium.remote.service.DriverCommandExecutor.invokeExecute(DriverCommandExecutor.java:216)\n\tat org.openqa.selenium.remote.service.DriverCommandExecutor.execute(DriverCommandExecutor.java:174)\n\tat org.openqa.selenium.remote.RemoteWebDriver.execute(RemoteWebDriver.java:545)\n\tat org.openqa.selenium.remote.ElementLocation$ElementFinder$2.findElement(ElementLocation.java:165)\n\tat org.openqa.selenium.remote.ElementLocation.findElement(ElementLocation.java:59)\n\tat org.openqa.selenium.remote.RemoteWebDriver.findElement(RemoteWebDriver.java:368)\n\tat org.openqa.selenium.remote.RemoteWebDriver.findElement(RemoteWebDriver.java:362)\n\tat org.openqa.selenium.support.pagefactory.DefaultElementLocator.findElement(DefaultElementLocator.java:68)\n\tat org.openqa.selenium.support.pagefactory.internal.LocatingElementHandler.invoke(LocatingElementHandler.java:38)\n\tat jdk.proxy3/jdk.proxy3.$Proxy27.isDisplayed(Unknown Source)\n\tat org.openqa.selenium.support.ui.ExpectedConditions.elementIfVisible(ExpectedConditions.java:304)\n\tat org.openqa.selenium.support.ui.ExpectedConditions$10.apply(ExpectedConditions.java:290)\n\tat org.openqa.selenium.support.ui.ExpectedConditions$10.apply(ExpectedConditions.java:287)\n\tat org.openqa.selenium.support.ui.FluentWait.until(FluentWait.java:203)\n\t... 7 more\n","steps":[{"name":"Login with valid user","time":{"start":1732525526199,"stop":1732525526843,"duration":644},"status":"passed","steps":[{"name":"Send 'standard_user' to Username","time":{"start":1732525526323,"stop":1732525526323,"duration":0},"status":"passed","steps":[],"attachments":[],"parameters":[],"shouldDisplayMessage":false,"stepsCount":0,"attachmentsCount":0,"hasContent":false},{"name":"Send 'secret_sauce' to Password","time":{"start":1732525526488,"stop":1732525526488,"duration":0},"status":"passed","steps":[],"attachments":[],"parameters":[],"shouldDisplayMessage":false,"stepsCount":0,"attachmentsCount":0,"hasContent":false},{"name":"Click on login-button","time":{"start":1732525526610,"stop":1732525526610,"duration":0},"status":"passed","steps":[],"attachments":[],"parameters":[],"shouldDisplayMessage":false,"stepsCount":0,"attachmentsCount":0,"hasContent":false}],"attachments":[{"uid":"de683facb95aac33","name":"send_standard_user_to_username.png","source":"de683facb95aac33.png","type":"image/png","size":31752},{"uid":"cd65ac6564bd276a","name":"send_secret_sauce_to_password.png","source":"cd65ac6564bd276a.png","type":"image/png","size":31056},{"uid":"4b743a8e3f783036","name":"click_on_login_button.png","source":"4b743a8e3f783036.png","type":"image/png","size":299230}],"parameters":[{"name":"userName","value":"standard_user"},{"name":"password","value":"secret_sauce"}],"shouldDisplayMessage":false,"stepsCount":3,"attachmentsCount":3,"hasContent":true},{"name":"Add items and go to Cart","time":{"start":1732525526843,"stop":1732525527597,"duration":754},"status":"passed","steps":[{"name":"Add item to cart","time":{"start":1732525526843,"stop":1732525527040,"duration":197},"status":"passed","steps":[{"name":"Click on add-to-cart-sauce-labs-backpack","time":{"start":1732525526869,"stop":1732525526869,"duration":0},"status":"passed","steps":[],"attachments":[],"parameters":[],"shouldDisplayMessage":false,"stepsCount":0,"attachmentsCount":0,"hasContent":false}],"attachments":[{"uid":"8ef9b7550eb3ea89","name":"click_on_add_to_cart_sauce_labs_backpack.png","source":"8ef9b7550eb3ea89.png","type":"image/png","size":301084}],"parameters":[{"name":"itemName","value":"Sauce Labs Backpack"}],"shouldDisplayMessage":false,"stepsCount":1,"attachmentsCount":1,"hasContent":true},{"name":"Add item to cart","time":{"start":1732525527040,"stop":1732525527224,"duration":184},"status":"passed","steps":[{"name":"Click on add-to-cart-sauce-labs-bolt-t-shirt","time":{"start":1732525527064,"stop":1732525527064,"duration":0},"status":"passed","steps":[],"attachments":[],"parameters":[],"shouldDisplayMessage":false,"stepsCount":0,"attachmentsCount":0,"hasContent":false}],"attachments":[{"uid":"9b6f9a7e9fd638e5","name":"click_on_add_to_cart_sauce_labs_bolt_t_shirt.png","source":"9b6f9a7e9fd638e5.png","type":"image/png","size":302522}],"parameters":[{"name":"itemName","value":"Sauce Labs Bolt T-Shirt"}],"shouldDisplayMessage":false,"stepsCount":1,"attachmentsCount":1,"hasContent":true},{"name":"Add item to cart","time":{"start":1732525527224,"stop":1732525527407,"duration":183},"status":"passed","steps":[{"name":"Click on add-to-cart-sauce-labs-fleece-jacket","time":{"start":1732525527248,"stop":1732525527249,"duration":1},"status":"passed","steps":[],"attachments":[],"parameters":[],"shouldDisplayMessage":false,"stepsCount":0,"attachmentsCount":0,"hasContent":false}],"attachments":[{"uid":"30fdfbf4c0ef33a5","name":"click_on_add_to_cart_sauce_labs_fleece_jacket.png","source":"30fdfbf4c0ef33a5.png","type":"image/png","size":300735}],"parameters":[{"name":"itemName","value":"Sauce Labs Fleece Jacket"}],"shouldDisplayMessage":false,"stepsCount":1,"attachmentsCount":1,"hasContent":true},{"name":"Go to Cart","time":{"start":1732525527407,"stop":1732525527597,"duration":190},"status":"passed","steps":[{"name":"Click on shopping_cart_container","time":{"start":1732525527430,"stop":1732525527430,"duration":0},"status":"passed","steps":[],"attachments":[],"parameters":[],"shouldDisplayMessage":false,"stepsCount":0,"attachmentsCount":0,"hasContent":false}],"attachments":[{"uid":"13e114a3623e8118","name":"click_on_shopping_cart_container.png","source":"13e114a3623e8118.png","type":"image/png","size":81640}],"parameters":[],"shouldDisplayMessage":false,"stepsCount":1,"attachmentsCount":1,"hasContent":true}],"attachments":[],"parameters":[{"name":"itemNameList","value":"[Sauce Labs Backpack, Sauce Labs Bolt T-Shirt, Sauce Labs Fleece Jacket]"}],"shouldDisplayMessage":false,"stepsCount":8,"attachmentsCount":4,"hasContent":true},{"name":"Checkout","time":{"start":1732525527597,"stop":1732525527776,"duration":179},"status":"passed","steps":[{"name":"Click on checkout","time":{"start":1732525527621,"stop":1732525527621,"duration":0},"status":"passed","steps":[],"attachments":[],"parameters":[],"shouldDisplayMessage":false,"stepsCount":0,"attachmentsCount":0,"hasContent":false}],"attachments":[{"uid":"42edf3ee3ee0b17e","name":"click_on_checkout.png","source":"42edf3ee3ee0b17e.png","type":"image/png","size":32527}],"parameters":[],"shouldDisplayMessage":false,"stepsCount":1,"attachmentsCount":1,"hasContent":true},{"name":"Fill in form and continue shopping","time":{"start":1732525527776,"stop":1732525528411,"duration":635},"status":"passed","steps":[{"name":"Send 'Alexander' to First Name","time":{"start":1732525527841,"stop":1732525527841,"duration":0},"status":"passed","steps":[],"attachments":[],"parameters":[],"shouldDisplayMessage":false,"stepsCount":0,"attachmentsCount":0,"hasContent":false},{"name":"Send 'Kepler' to Last Name","time":{"start":1732525527982,"stop":1732525527982,"duration":0},"status":"passed","steps":[],"attachments":[],"parameters":[],"shouldDisplayMessage":false,"stepsCount":0,"attachmentsCount":0,"hasContent":false},{"name":"Send '1234' to Zip/Postal Code","time":{"start":1732525528129,"stop":1732525528129,"duration":0},"status":"passed","steps":[],"attachments":[],"parameters":[],"shouldDisplayMessage":false,"stepsCount":0,"attachmentsCount":0,"hasContent":false},{"name":"Click on continue","time":{"start":1732525528249,"stop":1732525528249,"duration":0},"status":"passed","steps":[],"attachments":[],"parameters":[],"shouldDisplayMessage":false,"stepsCount":0,"attachmentsCount":0,"hasContent":false}],"attachments":[{"uid":"48fdda7ca7bba1b3","name":"send_alexander_to_first_name.png","source":"48fdda7ca7bba1b3.png","type":"image/png","size":32576},{"uid":"b0425bd9f2493e50","name":"send_kepler_to_last_name.png","source":"b0425bd9f2493e50.png","type":"image/png","size":32432},{"uid":"1e7362b3d5417a86","name":"send_1234_to_zip_postal_code.png","source":"1e7362b3d5417a86.png","type":"image/png","size":31250},{"uid":"91c4cf4f1f7c2864","name":"click_on_continue.png","source":"91c4cf4f1f7c2864.png","type":"image/png","size":85269}],"parameters":[{"name":"firstName","value":"Alexander"},{"name":"lastName","value":"Kepler"},{"name":"postalCode","value":"1234"}],"shouldDisplayMessage":false,"stepsCount":4,"attachmentsCount":4,"hasContent":true},{"name":"Submit Finish","time":{"start":1732525528411,"stop":1732525528629,"duration":218},"status":"passed","steps":[{"name":"Click on finish","time":{"start":1732525528487,"stop":1732525528487,"duration":0},"status":"passed","steps":[],"attachments":[],"parameters":[],"shouldDisplayMessage":false,"stepsCount":0,"attachmentsCount":0,"hasContent":false}],"attachments":[{"uid":"d23f3269eece5e53","name":"click_on_finish.png","source":"d23f3269eece5e53.png","type":"image/png","size":73273}],"parameters":[],"shouldDisplayMessage":false,"stepsCount":1,"attachmentsCount":1,"hasContent":true},{"name":"Submit Back Home","time":{"start":1732525528630,"stop":1732525533820,"duration":5190},"status":"broken","statusMessage":"Expected condition failed: waiting for visibility of Proxy element for: DefaultElementLocator 'By.xpath: //h2[@data-test=\"complete-header\"]' (tried for 5 second(s) with 500 milliseconds interval)","statusTrace":"org.openqa.selenium.TimeoutException: Expected condition failed: waiting for visibility of Proxy element for: DefaultElementLocator 'By.xpath: //h2[@data-test=\"complete-header\"]' (tried for 5 second(s) with 500 milliseconds interval)\n\tat org.openqa.selenium.support.ui.FluentWait.timeoutException(FluentWait.java:265)\n\tat org.openqa.selenium.support.ui.FluentWait.until(FluentWait.java:228)\n\tat com.github.eataborda.ui.pages.BasePage.waitUntilElementIsVisible(BasePage.java:49)\n\tat com.github.eataborda.ui.pages.CheckOutCompletePage.submitBackHome(CheckOutCompletePage.java:27)\n\tat com.github.eataborda.ui.steps.CheckOutCompleteSteps.submitBackHome(CheckOutCompleteSteps.java:15)\n\tat com.github.eataborda.ui.features.StandardUserTest.buyItemsTest(StandardUserTest.java:63)\n\tat java.base/jdk.internal.reflect.DirectMethodHandleAccessor.invoke(DirectMethodHandleAccessor.java:103)\n\tat java.base/java.lang.reflect.Method.invoke(Method.java:580)\n\tat org.junit.platform.commons.util.ReflectionUtils.invokeMethod(ReflectionUtils.java:767)\n\tat org.junit.jupiter.engine.execution.MethodInvocation.proceed(MethodInvocation.java:60)\n\tat org.junit.jupiter.engine.execution.InvocationInterceptorChain$ValidatingInvocation.proceed(InvocationInterceptorChain.java:131)\n\tat org.junit.jupiter.api.extension.InvocationInterceptor.interceptTestMethod(InvocationInterceptor.java:118)\n\tat org.junit.jupiter.engine.execution.InterceptingExecutableInvoker$ReflectiveInterceptorCall.lambda$ofVoidMethod$0(InterceptingExecutableInvoker.java:103)\n\tat org.junit.jupiter.engine.execution.InterceptingExecutableInvoker.lambda$invoke$0(InterceptingExecutableInvoker.java:93)\n\tat org.junit.jupiter.engine.execution.InvocationInterceptorChain$InterceptedInvocation.proceed(InvocationInterceptorChain.java:106)\n\tat org.junit.jupiter.engine.extension.TimeoutExtension.intercept(TimeoutExtension.java:156)\n\tat org.junit.jupiter.engine.extension.TimeoutExtension.interceptTestableMethod(TimeoutExtension.java:147)\n\tat org.junit.jupiter.engine.extension.TimeoutExtension.interceptTestMethod(TimeoutExtension.java:86)\n\tat org.junit.jupiter.engine.execution.InterceptingExecutableInvoker$ReflectiveInterceptorCall.lambda$ofVoidMethod$0(InterceptingExecutableInvoker.java:103)\n\tat org.junit.jupiter.engine.execution.InterceptingExecutableInvoker.lambda$invoke$0(InterceptingExecutableInvoker.java:93)\n\tat org.junit.jupiter.engine.execution.InvocationInterceptorChain$InterceptedInvocation.proceed(InvocationInterceptorChain.java:106)\n\tat org.junit.jupiter.engine.execution.InvocationInterceptorChain.proceed(InvocationInterceptorChain.java:64)\n\tat org.junit.jupiter.engine.execution.InvocationInterceptorChain.chainAndInvoke(InvocationInterceptorChain.java:45)\n\tat org.junit.jupiter.engine.execution.InvocationInterceptorChain.invoke(InvocationInterceptorChain.java:37)\n\tat org.junit.jupiter.engine.execution.InterceptingExecutableInvoker.invoke(InterceptingExecutableInvoker.java:92)\n\tat org.junit.jupiter.engine.execution.InterceptingExecutableInvoker.invoke(InterceptingExecutableInvoker.java:86)\n\tat org.junit.jupiter.engine.descriptor.TestMethodTestDescriptor.lambda$invokeTestMethod$8(TestMethodTestDescriptor.java:217)\n\tat org.junit.platform.engine.support.hierarchical.ThrowableCollector.execute(ThrowableCollector.java:73)\n\tat org.junit.jupiter.engine.descriptor.TestMethodTestDescriptor.invokeTestMethod(TestMethodTestDescriptor.java:213)\n\tat org.junit.jupiter.engine.descriptor.TestMethodTestDescriptor.execute(TestMethodTestDescriptor.java:138)\n\tat org.junit.jupiter.engine.descriptor.TestMethodTestDescriptor.execute(TestMethodTestDescriptor.java:68)\n\tat org.junit.platform.engine.support.hierarchical.NodeTestTask.lambda$executeRecursively$6(NodeTestTask.java:156)\n\tat org.junit.platform.engine.support.hierarchical.ThrowableCollector.execute(ThrowableCollector.java:73)\n\tat org.junit.platform.engine.support.hierarchical.NodeTestTask.lambda$executeRecursively$8(NodeTestTask.java:146)\n\tat org.junit.platform.engine.support.hierarchical.Node.around(Node.java:137)\n\tat org.junit.platform.engine.support.hierarchical.NodeTestTask.lambda$executeRecursively$9(NodeTestTask.java:144)\n\tat org.junit.platform.engine.support.hierarchical.ThrowableCollector.execute(ThrowableCollector.java:73)\n\tat org.junit.platform.engine.support.hierarchical.NodeTestTask.executeRecursively(NodeTestTask.java:143)\n\tat org.junit.platform.engine.support.hierarchical.NodeTestTask.execute(NodeTestTask.java:100)\n\tat java.base/java.util.ArrayList.forEach(ArrayList.java:1597)\n\tat org.junit.platform.engine.support.hierarchical.SameThreadHierarchicalTestExecutorService.invokeAll(SameThreadHierarchicalTestExecutorService.java:41)\n\tat org.junit.platform.engine.support.hierarchical.NodeTestTask.lambda$executeRecursively$6(NodeTestTask.java:160)\n\tat org.junit.platform.engine.support.hierarchical.ThrowableCollector.execute(ThrowableCollector.java:73)\n\tat org.junit.platform.engine.support.hierarchical.NodeTestTask.lambda$executeRecursively$8(NodeTestTask.java:146)\n\tat org.junit.platform.engine.support.hierarchical.Node.around(Node.java:137)\n\tat org.junit.platform.engine.support.hierarchical.NodeTestTask.lambda$executeRecursively$9(NodeTestTask.java:144)\n\tat org.junit.platform.engine.support.hierarchical.ThrowableCollector.execute(ThrowableCollector.java:73)\n\tat org.junit.platform.engine.support.hierarchical.NodeTestTask.executeRecursively(NodeTestTask.java:143)\n\tat org.junit.platform.engine.support.hierarchical.NodeTestTask.execute(NodeTestTask.java:100)\n\tat java.base/java.util.ArrayList.forEach(ArrayList.java:1597)\n\tat org.junit.platform.engine.support.hierarchical.SameThreadHierarchicalTestExecutorService.invokeAll(SameThreadHierarchicalTestExecutorService.java:41)\n\tat org.junit.platform.engine.support.hierarchical.NodeTestTask.lambda$executeRecursively$6(NodeTestTask.java:160)\n\tat org.junit.platform.engine.support.hierarchical.ThrowableCollector.execute(ThrowableCollector.java:73)\n\tat org.junit.platform.engine.support.hierarchical.NodeTestTask.lambda$executeRecursively$8(NodeTestTask.java:146)\n\tat org.junit.platform.engine.support.hierarchical.Node.around(Node.java:137)\n\tat org.junit.platform.engine.support.hierarchical.NodeTestTask.lambda$executeRecursively$9(NodeTestTask.java:144)\n\tat org.junit.platform.engine.support.hierarchical.ThrowableCollector.execute(ThrowableCollector.java:73)\n\tat org.junit.platform.engine.support.hierarchical.NodeTestTask.executeRecursively(NodeTestTask.java:143)\n\tat org.junit.platform.engine.support.hierarchical.NodeTestTask.execute(NodeTestTask.java:100)\n\tat org.junit.platform.engine.support.hierarchical.SameThreadHierarchicalTestExecutorService.submit(SameThreadHierarchicalTestExecutorService.java:35)\n\tat org.junit.platform.engine.support.hierarchical.HierarchicalTestExecutor.execute(HierarchicalTestExecutor.java:57)\n\tat org.junit.platform.engine.support.hierarchical.HierarchicalTestEngine.execute(HierarchicalTestEngine.java:54)\n\tat org.junit.platform.launcher.core.EngineExecutionOrchestrator.execute(EngineExecutionOrchestrator.java:198)\n\tat org.junit.platform.launcher.core.EngineExecutionOrchestrator.execute(EngineExecutionOrchestrator.java:169)\n\tat org.junit.platform.launcher.core.EngineExecutionOrchestrator.execute(EngineExecutionOrchestrator.java:93)\n\tat org.junit.platform.launcher.core.EngineExecutionOrchestrator.lambda$execute$0(EngineExecutionOrchestrator.java:58)\n\tat org.junit.platform.launcher.core.EngineExecutionOrchestrator.withInterceptedStreams(EngineExecutionOrchestrator.java:141)\n\tat org.junit.platform.launcher.core.EngineExecutionOrchestrator.execute(EngineExecutionOrchestrator.java:57)\n\tat org.junit.platform.launcher.core.DefaultLauncher.execute(DefaultLauncher.java:103)\n\tat org.junit.platform.launcher.core.DefaultLauncher.execute(DefaultLauncher.java:85)\n\tat org.junit.platform.launcher.core.DelegatingLauncher.execute(DelegatingLauncher.java:47)\n\tat org.gradle.api.internal.tasks.testing.junitplatform.JUnitPlatformTestClassProcessor$CollectAllTestClassesExecutor.processAllTestClasses(JUnitPlatformTestClassProcessor.java:124)\n\tat org.gradle.api.internal.tasks.testing.junitplatform.JUnitPlatformTestClassProcessor$CollectAllTestClassesExecutor.access$000(JUnitPlatformTestClassProcessor.java:99)\n\tat org.gradle.api.internal.tasks.testing.junitplatform.JUnitPlatformTestClassProcessor.stop(JUnitPlatformTestClassProcessor.java:94)\n\tat org.gradle.api.internal.tasks.testing.SuiteTestClassProcessor.stop(SuiteTestClassProcessor.java:63)\n\tat java.base/jdk.internal.reflect.DirectMethodHandleAccessor.invoke(DirectMethodHandleAccessor.java:103)\n\tat java.base/java.lang.reflect.Method.invoke(Method.java:580)\n\tat org.gradle.internal.dispatch.ReflectionDispatch.dispatch(ReflectionDispatch.java:36)\n\tat org.gradle.internal.dispatch.ReflectionDispatch.dispatch(ReflectionDispatch.java:24)\n\tat org.gradle.internal.dispatch.ContextClassLoaderDispatch.dispatch(ContextClassLoaderDispatch.java:33)\n\tat org.gradle.internal.dispatch.ProxyDispatchAdapter$DispatchingInvocationHandler.invoke(ProxyDispatchAdapter.java:92)\n\tat jdk.proxy1/jdk.proxy1.$Proxy4.stop(Unknown Source)\n\tat org.gradle.api.internal.tasks.testing.worker.TestWorker$3.run(TestWorker.java:198)\n\tat org.gradle.api.internal.tasks.testing.worker.TestWorker.executeAndMaintainThreadName(TestWorker.java:130)\n\tat org.gradle.api.internal.tasks.testing.worker.TestWorker.execute(TestWorker.java:101)\n\tat org.gradle.api.internal.tasks.testing.worker.TestWorker.execute(TestWorker.java:61)\n\tat org.gradle.process.internal.worker.child.ActionExecutionWorker.execute(ActionExecutionWorker.java:56)\n\tat org.gradle.process.internal.worker.child.SystemApplicationClassLoaderWorker.call(SystemApplicationClassLoaderWorker.java:122)\n\tat org.gradle.process.internal.worker.child.SystemApplicationClassLoaderWorker.call(SystemApplicationClassLoaderWorker.java:69)\n\tat worker.org.gradle.process.internal.worker.GradleWorkerMain.run(GradleWorkerMain.java:69)\n\tat worker.org.gradle.process.internal.worker.GradleWorkerMain.main(GradleWorkerMain.java:74)\nCaused by: org.openqa.selenium.NoSuchElementException: no such element: Unable to locate element: {\"method\":\"xpath\",\"selector\":\"//h2[@data-test=\"complete-header\"]\"}\n  (Session info: chrome=131.0.6778.69)\nFor documentation on this error, please visit: https://www.selenium.dev/documentation/webdriver/troubleshooting/errors#no-such-element-exception\nBuild info: version: '4.26.0', revision: '8ccf0219d7'\nSystem info: os.name: 'Linux', os.arch: 'amd64', os.version: '6.5.0-1025-azure', java.version: '22.0.2'\nDriver info: org.openqa.selenium.chrome.ChromeDriver\nCommand: [b0c0592ea64f8fdd04f12fefab41c49e, findElement {using=xpath, value=//h2[@data-test=\"complete-header\"]}]\nCapabilities {acceptInsecureCerts: false, browserName: chrome, browserVersion: 131.0.6778.69, chrome: {chromedriverVersion: 131.0.6778.85 (3d81e41b6f3a..., userDataDir: /tmp/.org.chromium.Chromium...}, fedcm:accounts: true, goog:chromeOptions: {debuggerAddress: localhost:39885}, networkConnectionEnabled: false, pageLoadStrategy: normal, platformName: linux, proxy: Proxy(), se:cdp: ws://localhost:39885/devtoo..., se:cdpVersion: 131.0.6778.69, setWindowRect: true, strictFileInteractability: false, timeouts: {implicit: 0, pageLoad: 300000, script: 30000}, unhandledPromptBehavior: dismiss and notify, webauthn:extension:credBlob: true, webauthn:extension:largeBlob: true, webauthn:extension:minPinLength: true, webauthn:extension:prf: true, webauthn:virtualAuthenticators: true}\nSession ID: b0c0592ea64f8fdd04f12fefab41c49e\n\tat java.base/jdk.internal.reflect.DirectConstructorHandleAccessor.newInstance(DirectConstructorHandleAccessor.java:62)\n\tat java.base/java.lang.reflect.Constructor.newInstanceWithCaller(Constructor.java:502)\n\tat java.base/java.lang.reflect.Constructor.newInstance(Constructor.java:486)\n\tat org.openqa.selenium.remote.ErrorCodec.decode(ErrorCodec.java:167)\n\tat org.openqa.selenium.remote.codec.w3c.W3CHttpResponseCodec.decode(W3CHttpResponseCodec.java:138)\n\tat org.openqa.selenium.remote.codec.w3c.W3CHttpResponseCodec.decode(W3CHttpResponseCodec.java:50)\n\tat org.openqa.selenium.remote.HttpCommandExecutor.execute(HttpCommandExecutor.java:190)\n\tat org.openqa.selenium.remote.service.DriverCommandExecutor.invokeExecute(DriverCommandExecutor.java:216)\n\tat org.openqa.selenium.remote.service.DriverCommandExecutor.execute(DriverCommandExecutor.java:174)\n\tat org.openqa.selenium.remote.RemoteWebDriver.execute(RemoteWebDriver.java:545)\n\tat org.openqa.selenium.remote.ElementLocation$ElementFinder$2.findElement(ElementLocation.java:165)\n\tat org.openqa.selenium.remote.ElementLocation.findElement(ElementLocation.java:59)\n\tat org.openqa.selenium.remote.RemoteWebDriver.findElement(RemoteWebDriver.java:368)\n\tat org.openqa.selenium.remote.RemoteWebDriver.findElement(RemoteWebDriver.java:362)\n\tat org.openqa.selenium.support.pagefactory.DefaultElementLocator.findElement(DefaultElementLocator.java:68)\n\tat org.openqa.selenium.support.pagefactory.internal.LocatingElementHandler.invoke(LocatingElementHandler.java:38)\n\tat jdk.proxy3/jdk.proxy3.$Proxy27.isDisplayed(Unknown Source)\n\tat org.openqa.selenium.support.ui.ExpectedConditions.elementIfVisible(ExpectedConditions.java:304)\n\tat org.openqa.selenium.support.ui.ExpectedConditions$10.apply(ExpectedConditions.java:290)\n\tat org.openqa.selenium.support.ui.ExpectedConditions$10.apply(ExpectedConditions.java:287)\n\tat org.openqa.selenium.support.ui.FluentWait.until(FluentWait.java:203)\n\t... 89 more\n","steps":[],"attachments":[],"parameters":[],"shouldDisplayMessage":true,"stepsCount":0,"attachmentsCount":0,"hasContent":true}],"attachments":[],"parameters":[],"shouldDisplayMessage":false,"stepsCount":23,"attachmentsCount":13,"hasContent":true},"afterStages":[{"name":"teardown","time":{"start":1732525533822,"stop":1732525533900,"duration":78},"status":"passed","steps":[],"attachments":[],"parameters":[],"shouldDisplayMessage":false,"stepsCount":0,"attachmentsCount":0,"hasContent":false}],"labels":[{"name":"tag","value":"buy-items"},{"name":"tag","value":"standard-user"},{"name":"tag","value":"smoke"},{"name":"tag","value":"regression"},{"name":"junit.platform.uniqueid","value":"[engine:junit-jupiter]/[class:com.github.eataborda.ui.features.StandardUserTest]/[method:buyItemsTest()]"},{"name":"epic","value":"Shopping"},{"name":"feature","value":"Buy Items"},{"name":"host","value":"fv-az711-137"},{"name":"thread","value":"2365@fv-az711-137.Test worker(1)"},{"name":"framework","value":"junit-platform"},{"name":"language","value":"java"},{"name":"package","value":"com.github.eataborda.ui.features.StandardUserTest"},{"name":"testClass","value":"com.github.eataborda.ui.features.StandardUserTest"},{"name":"testMethod","value":"buyItemsTest"},{"name":"suite","value":"Standard User"},{"name":"resultFormat","value":"allure2"}],"parameters":[],"links":[],"hidden":false,"retry":false,"extra":{"severity":"normal","retries":[],"categories":[{"name":"Test defects","matchedStatuses":[],"flaky":false}],"history":{"statistic":{"failed":0,"broken":15,"skipped":0,"passed":20,"unknown":0,"total":35},"items":[{"uid":"704a3fceb5cc96e9","reportUrl":"https://eataborda.github.io/ui-selenium/210//#testresult/704a3fceb5cc96e9","status":"passed","time":{"start":1732480458758,"stop":1732480462374,"duration":3616}},{"uid":"3c785ad78a1c2add","reportUrl":"https://eataborda.github.io/ui-selenium/209//#testresult/3c785ad78a1c2add","status":"broken","statusDetails":"Could not start a new session. Response code 500. Message: session not created: This version of ChromeDriver only supports Chrome version 128\nCurrent browser version is 131.0.6778.69 with binary path /usr/bin/google-chrome \nHost info: host: 'fv-az569-668', ip: '10.1.0.145'\nBuild info: version: '4.26.0', revision: '8ccf0219d7'\nSystem info: os.name: 'Linux', os.arch: 'amd64', os.version: '6.5.0-1025-azure', java.version: '22.0.1'\nDriver info: org.openqa.selenium.chrome.ChromeDriver\nCommand: [null, newSession {capabilities=[Capabilities {browserName: chrome, goog:chromeOptions: {args: [--headless=new;--window-siz...], binary: /usr/bin/google-chrome, extensions: []}}]}]","time":{"start":1732480204359,"stop":1732480204646,"duration":287}},{"uid":"ef26cbdf54517f8e","reportUrl":"https://eataborda.github.io/ui-selenium/208//#testresult/ef26cbdf54517f8e","status":"broken","statusDetails":"Could not start a new session. Response code 500. Message: session not created: This version of ChromeDriver only supports Chrome version 128\nCurrent browser version is 131.0.6778.69 with binary path /usr/bin/google-chrome \nHost info: host: 'fv-az1149-102', ip: '10.1.0.123'\nBuild info: version: '4.24.0', revision: '748ffc9bc3'\nSystem info: os.name: 'Linux', os.arch: 'amd64', os.version: '6.5.0-1025-azure', java.version: '22.0.2'\nDriver info: org.openqa.selenium.chrome.ChromeDriver\nCommand: [null, newSession {capabilities=[Capabilities {browserName: chrome, goog:chromeOptions: {args: [--headless=new;--window-siz...], binary: /usr/bin/google-chrome, extensions: []}}]}]","time":{"start":1732179887662,"stop":1732179887939,"duration":277}},{"uid":"31dc210f977d78d3","reportUrl":"https://eataborda.github.io/ui-selenium/207//#testresult/31dc210f977d78d3","status":"broken","statusDetails":"Could not start a new session. Response code 500. Message: session not created: This version of ChromeDriver only supports Chrome version 128\nCurrent browser version is 131.0.6778.69 with binary path /usr/bin/google-chrome \nHost info: host: 'fv-az1198-792', ip: '10.1.0.117'\nBuild info: version: '4.24.0', revision: '748ffc9bc3'\nSystem info: os.name: 'Linux', os.arch: 'amd64', os.version: '6.5.0-1025-azure', java.version: '22.0.2'\nDriver info: org.openqa.selenium.chrome.ChromeDriver\nCommand: [null, newSession {capabilities=[Capabilities {browserName: chrome, goog:chromeOptions: {args: [--headless=new;--window-siz...], binary: /usr/bin/google-chrome, extensions: []}}]}]","time":{"start":1731920730553,"stop":1731920730841,"duration":288}},{"uid":"124427871c978ef4","reportUrl":"https://eataborda.github.io/ui-selenium/206//#testresult/124427871c978ef4","status":"broken","statusDetails":"Could not start a new session. Response code 500. Message: session not created: This version of ChromeDriver only supports Chrome version 128\nCurrent browser version is 130.0.6723.91 with binary path /usr/bin/google-chrome \nHost info: host: 'fv-az1345-398', ip: '10.1.0.208'\nBuild info: version: '4.24.0', revision: '748ffc9bc3'\nSystem info: os.name: 'Linux', os.arch: 'amd64', os.version: '6.5.0-1025-azure', java.version: '22.0.2'\nDriver info: org.openqa.selenium.chrome.ChromeDriver\nCommand: [null, newSession {capabilities=[Capabilities {browserName: chrome, goog:chromeOptions: {args: [--headless=new;--window-siz...], binary: /usr/bin/google-chrome, extensions: []}}]}]","time":{"start":1731575111019,"stop":1731575111399,"duration":380}},{"uid":"256072d2b607590b","reportUrl":"https://eataborda.github.io/ui-selenium/205//#testresult/256072d2b607590b","status":"broken","statusDetails":"Could not start a new session. Response code 500. Message: session not created: This version of ChromeDriver only supports Chrome version 128\nCurrent browser version is 130.0.6723.91 with binary path /usr/bin/google-chrome \nHost info: host: 'fv-az1196-359', ip: '10.1.1.32'\nBuild info: version: '4.24.0', revision: '748ffc9bc3'\nSystem info: os.name: 'Linux', os.arch: 'amd64', os.version: '6.5.0-1025-azure', java.version: '22.0.2'\nDriver info: org.openqa.selenium.chrome.ChromeDriver\nCommand: [null, newSession {capabilities=[Capabilities {browserName: chrome, goog:chromeOptions: {args: [--headless=new;--window-siz...], binary: /usr/bin/google-chrome, extensions: []}}]}]","time":{"start":1731315912274,"stop":1731315912547,"duration":273}},{"uid":"9fd0533f0a64361c","reportUrl":"https://eataborda.github.io/ui-selenium/204//#testresult/9fd0533f0a64361c","status":"broken","statusDetails":"Could not start a new session. Response code 500. Message: session not created: This version of ChromeDriver only supports Chrome version 128\nCurrent browser version is 130.0.6723.91 with binary path /usr/bin/google-chrome \nHost info: host: 'fv-az1014-375', ip: '10.1.1.103'\nBuild info: version: '4.24.0', revision: '748ffc9bc3'\nSystem info: os.name: 'Linux', os.arch: 'amd64', os.version: '6.5.0-1025-azure', java.version: '22.0.2'\nDriver info: org.openqa.selenium.chrome.ChromeDriver\nCommand: [null, newSession {capabilities=[Capabilities {browserName: chrome, goog:chromeOptions: {args: [--headless=new;--window-siz...], binary: /usr/bin/google-chrome, extensions: []}}]}]","time":{"start":1730970292854,"stop":1730970293143,"duration":289}},{"uid":"d9825b2d1f307ca2","reportUrl":"https://eataborda.github.io/ui-selenium/203//#testresult/d9825b2d1f307ca2","status":"broken","statusDetails":"Could not start a new session. Response code 500. Message: session not created: This version of ChromeDriver only supports Chrome version 128\nCurrent browser version is 130.0.6723.58 with binary path /usr/bin/google-chrome \nHost info: host: 'fv-az1272-401', ip: '10.1.0.42'\nBuild info: version: '4.24.0', revision: '748ffc9bc3'\nSystem info: os.name: 'Linux', os.arch: 'amd64', os.version: '6.5.0-1025-azure', java.version: '22.0.2'\nDriver info: org.openqa.selenium.chrome.ChromeDriver\nCommand: [null, newSession {capabilities=[Capabilities {browserName: chrome, goog:chromeOptions: {args: [--headless=new;--window-siz...], binary: /usr/bin/google-chrome, extensions: []}}]}]","time":{"start":1730711089956,"stop":1730711090233,"duration":277}},{"uid":"30560290ac03ced9","reportUrl":"https://eataborda.github.io/ui-selenium/202//#testresult/30560290ac03ced9","status":"broken","statusDetails":"Could not start a new session. Response code 500. Message: session not created: This version of ChromeDriver only supports Chrome version 128\nCurrent browser version is 130.0.6723.58 with binary path /usr/bin/google-chrome \nHost info: host: 'fv-az1433-736', ip: '10.1.0.147'\nBuild info: version: '4.24.0', revision: '748ffc9bc3'\nSystem info: os.name: 'Linux', os.arch: 'amd64', os.version: '6.5.0-1025-azure', java.version: '22.0.2'\nDriver info: org.openqa.selenium.chrome.ChromeDriver\nCommand: [null, newSession {capabilities=[Capabilities {browserName: chrome, goog:chromeOptions: {args: [--headless=new;--window-siz...], binary: /usr/bin/google-chrome, extensions: []}}]}]","time":{"start":1730365465340,"stop":1730365465613,"duration":273}},{"uid":"b45b8a66ba5e19b4","reportUrl":"https://eataborda.github.io/ui-selenium/201//#testresult/b45b8a66ba5e19b4","status":"broken","statusDetails":"Could not start a new session. Response code 500. Message: session not created: This version of ChromeDriver only supports Chrome version 128\nCurrent browser version is 130.0.6723.58 with binary path /usr/bin/google-chrome \nHost info: host: 'fv-az1424-724', ip: '10.1.0.120'\nBuild info: version: '4.24.0', revision: '748ffc9bc3'\nSystem info: os.name: 'Linux', os.arch: 'amd64', os.version: '6.5.0-1025-azure', java.version: '22.0.2'\nDriver info: org.openqa.selenium.chrome.ChromeDriver\nCommand: [null, newSession {capabilities=[Capabilities {browserName: chrome, goog:chromeOptions: {args: [--headless=new;--window-siz...], binary: /usr/bin/google-chrome, extensions: []}}]}]","time":{"start":1730106298603,"stop":1730106298921,"duration":318}},{"uid":"cb0b252e02dbc66d","reportUrl":"https://eataborda.github.io/ui-selenium/200//#testresult/cb0b252e02dbc66d","status":"broken","statusDetails":"Could not start a new session. Response code 500. Message: session not created: This version of ChromeDriver only supports Chrome version 128\nCurrent browser version is 130.0.6723.58 with binary path /usr/bin/google-chrome \nHost info: host: 'fv-az2036-240', ip: '10.1.0.163'\nBuild info: version: '4.24.0', revision: '748ffc9bc3'\nSystem info: os.name: 'Linux', os.arch: 'amd64', os.version: '6.5.0-1025-azure', java.version: '22.0.2'\nDriver info: org.openqa.selenium.chrome.ChromeDriver\nCommand: [null, newSession {capabilities=[Capabilities {browserName: chrome, goog:chromeOptions: {args: [--headless=new;--window-siz...], binary: /usr/bin/google-chrome, extensions: []}}]}]","time":{"start":1729760684876,"stop":1729760685167,"duration":291}},{"uid":"f624cc588d8fa62e","reportUrl":"https://eataborda.github.io/ui-selenium/199//#testresult/f624cc588d8fa62e","status":"broken","statusDetails":"Could not start a new session. Response code 500. Message: session not created: This version of ChromeDriver only supports Chrome version 128\nCurrent browser version is 130.0.6723.58 with binary path /usr/bin/google-chrome \nHost info: host: 'fv-az711-519', ip: '10.1.0.152'\nBuild info: version: '4.24.0', revision: '748ffc9bc3'\nSystem info: os.name: 'Linux', os.arch: 'amd64', os.version: '6.5.0-1025-azure', java.version: '22.0.2'\nDriver info: org.openqa.selenium.chrome.ChromeDriver\nCommand: [null, newSession {capabilities=[Capabilities {browserName: chrome, goog:chromeOptions: {args: [--headless=new;--window-siz...], binary: /usr/bin/google-chrome, extensions: []}}]}]","time":{"start":1729501496783,"stop":1729501497062,"duration":279}},{"uid":"17b93d42b2b5570","reportUrl":"https://eataborda.github.io/ui-selenium/198//#testresult/17b93d42b2b5570","status":"passed","time":{"start":1729155884618,"stop":1729155887983,"duration":3365}},{"uid":"72d197c34e135fe9","reportUrl":"https://eataborda.github.io/ui-selenium/197//#testresult/72d197c34e135fe9","status":"passed","time":{"start":1728896702695,"stop":1728896706102,"duration":3407}},{"uid":"1f3238f2cc0f61d9","reportUrl":"https://eataborda.github.io/ui-selenium/196//#testresult/1f3238f2cc0f61d9","status":"passed","time":{"start":1728551095808,"stop":1728551099209,"duration":3401}},{"uid":"3b0d0690d9fdfc83","reportUrl":"https://eataborda.github.io/ui-selenium/195//#testresult/3b0d0690d9fdfc83","status":"passed","time":{"start":1728291924263,"stop":1728291927940,"duration":3677}},{"uid":"a936ee1df83efdda","reportUrl":"https://eataborda.github.io/ui-selenium/194//#testresult/a936ee1df83efdda","status":"passed","time":{"start":1727946277480,"stop":1727946280849,"duration":3369}},{"uid":"e17ed2bba35526dd","reportUrl":"https://eataborda.github.io/ui-selenium/193//#testresult/e17ed2bba35526dd","status":"broken","statusDetails":"element click intercepted: Element <button class=\"btn btn_action btn_medium cart_button\" data-test=\"finish\" id=\"finish\" name=\"finish\">...</button> is not clickable at point (1302, 885). Other element would receive the click: <footer class=\"footer\" data-test=\"footer\">...</footer>\n  (Session info: chrome=129.0.6668.58)\nBuild info: version: '4.24.0', revision: '748ffc9bc3'\nSystem info: os.name: 'Linux', os.arch: 'amd64', os.version: '6.8.0-1014-azure', java.version: '22.0.2'\nDriver info: org.openqa.selenium.chrome.ChromeDriver\nCommand: [b3845bb9af592092d699a6ec21e97a73, clickElement {id=f.5914455B05C4B5F15D2FFF7E723E627B.d.1332C7B21667F264199C1E60D232C16D.e.72}]\nCapabilities {acceptInsecureCerts: false, browserName: chrome, browserVersion: 129.0.6668.58, chrome: {chromedriverVersion: 128.0.6613.137 (fe621c5aa2d..., userDataDir: /tmp/.org.chromium.Chromium...}, fedcm:accounts: true, goog:chromeOptions: {debuggerAddress: localhost:35269}, networkConnectionEnabled: false, pageLoadStrategy: normal, platformName: linux, proxy: Proxy(), se:cdp: ws://localhost:35269/devtoo..., se:cdpVersion: 129.0.6668.58, setWindowRect: true, strictFileInteractability: false, timeouts: {implicit: 0, pageLoad: 300000, script: 30000}, unhandledPromptBehavior: dismiss and notify, webauthn:extension:credBlob: true, webauthn:extension:largeBlob: true, webauthn:extension:minPinLength: true, webauthn:extension:prf: true, webauthn:virtualAuthenticators: true}\nElement: [[ChromeDriver: chrome on linux (b3845bb9af592092d699a6ec21e97a73)] -> id: finish]\nSession ID: b3845bb9af592092d699a6ec21e97a73","time":{"start":1727687128920,"stop":1727687132743,"duration":3823}},{"uid":"4dc13907ec3a10b5","reportUrl":"https://eataborda.github.io/ui-selenium/192//#testresult/4dc13907ec3a10b5","status":"passed","time":{"start":1727341570812,"stop":1727341574320,"duration":3508}},{"uid":"54d826345b63208d","reportUrl":"https://eataborda.github.io/ui-selenium/191//#testresult/54d826345b63208d","status":"broken","statusDetails":"element click intercepted: Element <button class=\"btn btn_action btn_medium cart_button\" data-test=\"finish\" id=\"finish\" name=\"finish\">...</button> is not clickable at point (1302, 883). Other element would receive the click: <footer class=\"footer\" data-test=\"footer\">...</footer>\n  (Session info: chrome=128.0.6613.137)\nBuild info: version: '4.24.0', revision: '748ffc9bc3'\nSystem info: os.name: 'Linux', os.arch: 'amd64', os.version: '6.8.0-1014-azure', java.version: '22.0.2'\nDriver info: org.openqa.selenium.chrome.ChromeDriver\nCommand: [5118642ee30ff605c78ae2857b91f0e5, clickElement {id=f.13AFF92FE22A27255D3396B2B1F208D5.d.FA2472DC2BA9A061B994CDC493EAFDFB.e.72}]\nCapabilities {acceptInsecureCerts: false, browserName: chrome, browserVersion: 128.0.6613.137, chrome: {chromedriverVersion: 128.0.6613.137 (fe621c5aa2d..., userDataDir: /tmp/.org.chromium.Chromium...}, fedcm:accounts: true, goog:chromeOptions: {debuggerAddress: localhost:39273}, networkConnectionEnabled: false, pageLoadStrategy: normal, platformName: linux, proxy: Proxy(), se:cdp: ws://localhost:39273/devtoo..., se:cdpVersion: 128.0.6613.137, setWindowRect: true, strictFileInteractability: false, timeouts: {implicit: 0, pageLoad: 300000, script: 30000}, unhandledPromptBehavior: dismiss and notify, webauthn:extension:credBlob: true, webauthn:extension:largeBlob: true, webauthn:extension:minPinLength: true, webauthn:extension:prf: true, webauthn:virtualAuthenticators: true}\nElement: [[ChromeDriver: chrome on linux (5118642ee30ff605c78ae2857b91f0e5)] -> id: finish]\nSession ID: 5118642ee30ff605c78ae2857b91f0e5","time":{"start":1727082310373,"stop":1727082314327,"duration":3954}}]},"tags":["standard-user","regression","smoke","buy-items"]},"source":"d3545888e8bd2cbb.json","parameterValues":[]}