{"uid":"83ff4a8d1c6eb648","name":"Buy items test","fullName":"com.github.eataborda.ui.features.StandardUserTest.buyItemsTest","historyId":"ec0eb34f8b5422957b3afdca24697a2c","time":{"start":1748826434388,"stop":1748826441601,"duration":7213},"description":"A complete shopping flow","descriptionHtml":"<p>A complete shopping flow</p>\n","status":"broken","statusMessage":"Expected condition failed: waiting for element to be clickable: Proxy element for: DefaultElementLocator 'By.id: checkout' (tried for 5 second(s) with 500 milliseconds interval)","statusTrace":"org.openqa.selenium.TimeoutException: Expected condition failed: waiting for element to be clickable: Proxy element for: DefaultElementLocator 'By.id: checkout' (tried for 5 second(s) with 500 milliseconds interval)\n\tat org.openqa.selenium.support.ui.FluentWait.timeoutException(FluentWait.java:265)\n\tat org.openqa.selenium.support.ui.FluentWait.until(FluentWait.java:228)\n\tat com.github.eataborda.ui.pages.BasePage.click(BasePage.java:62)\n\tat com.github.eataborda.ui.pages.CartPage.checkout(CartPage.java:45)\n\tat com.github.eataborda.ui.steps.CartSteps.checkout(CartSteps.java:17)\n\tat com.github.eataborda.ui.features.StandardUserTest.buyItemsTest(StandardUserTest.java:59)\n\tat java.base/java.lang.reflect.Method.invoke(Method.java:580)\n\tat java.base/java.util.ArrayList.forEach(ArrayList.java:1596)\n\tat java.base/java.util.ArrayList.forEach(ArrayList.java:1596)\nCaused by: org.openqa.selenium.NoSuchElementException: no such element: Unable to locate element: {\"method\":\"css selector\",\"selector\":\"#checkout\"}\n  (Session info: chrome=136.0.7103.92)\nFor documentation on this error, please visit: https://www.selenium.dev/documentation/webdriver/troubleshooting/errors#no-such-element-exception\nBuild info: version: '4.33.0', revision: '2c6aaad03a'\nSystem info: os.name: 'Linux', os.arch: 'amd64', os.version: '6.11.0-1014-azure', java.version: '21.0.7'\nDriver info: org.openqa.selenium.chrome.ChromeDriver\nCommand: [18e508dc32623f118cb6bc0213b9ee44, findElement {value=checkout, using=id}]\nCapabilities {acceptInsecureCerts: false, browserName: chrome, browserVersion: 136.0.7103.92, chrome: {chromedriverVersion: 136.0.7103.92 (cb81a4cc5087..., userDataDir: /tmp/.org.chromium.Chromium...}, fedcm:accounts: true, goog:chromeOptions: {debuggerAddress: localhost:40511}, networkConnectionEnabled: false, pageLoadStrategy: normal, platformName: linux, proxy: Proxy(), se:cdp: ws://localhost:40511/devtoo..., se:cdpVersion: 136.0.7103.92, setWindowRect: true, strictFileInteractability: false, timeouts: {implicit: 0, pageLoad: 300000, script: 30000}, unhandledPromptBehavior: dismiss and notify, webauthn:extension:credBlob: true, webauthn:extension:largeBlob: true, webauthn:extension:minPinLength: true, webauthn:extension:prf: true, webauthn:virtualAuthenticators: true}\nSession ID: 18e508dc32623f118cb6bc0213b9ee44\n\tat java.base/jdk.internal.reflect.DirectConstructorHandleAccessor.newInstance(DirectConstructorHandleAccessor.java:62)\n\tat java.base/java.lang.reflect.Constructor.newInstanceWithCaller(Constructor.java:502)\n\tat java.base/java.lang.reflect.Constructor.newInstance(Constructor.java:486)\n\tat org.openqa.selenium.remote.ErrorCodec.decode(ErrorCodec.java:167)\n\tat org.openqa.selenium.remote.codec.w3c.W3CHttpResponseCodec.decode(W3CHttpResponseCodec.java:138)\n\tat org.openqa.selenium.remote.codec.w3c.W3CHttpResponseCodec.decode(W3CHttpResponseCodec.java:50)\n\tat org.openqa.selenium.remote.HttpCommandExecutor.execute(HttpCommandExecutor.java:215)\n\tat org.openqa.selenium.remote.service.DriverCommandExecutor.invokeExecute(DriverCommandExecutor.java:216)\n\tat org.openqa.selenium.remote.service.DriverCommandExecutor.execute(DriverCommandExecutor.java:174)\n\tat org.openqa.selenium.remote.RemoteWebDriver.execute(RemoteWebDriver.java:544)\n\tat org.openqa.selenium.remote.ElementLocation$ElementFinder$2.findElement(ElementLocation.java:165)\n\tat org.openqa.selenium.remote.ElementLocation.findElement(ElementLocation.java:59)\n\tat org.openqa.selenium.remote.RemoteWebDriver.findElement(RemoteWebDriver.java:367)\n\tat org.openqa.selenium.remote.RemoteWebDriver.findElement(RemoteWebDriver.java:361)\n\tat org.openqa.selenium.support.pagefactory.DefaultElementLocator.findElement(DefaultElementLocator.java:68)\n\tat org.openqa.selenium.support.pagefactory.internal.LocatingElementHandler.invoke(LocatingElementHandler.java:38)\n\tat jdk.proxy3/jdk.proxy3.$Proxy27.isDisplayed(Unknown Source)\n\tat org.openqa.selenium.support.ui.ExpectedConditions.elementIfVisible(ExpectedConditions.java:304)\n\tat org.openqa.selenium.support.ui.ExpectedConditions$10.apply(ExpectedConditions.java:290)\n\tat org.openqa.selenium.support.ui.ExpectedConditions$10.apply(ExpectedConditions.java:287)\n\tat org.openqa.selenium.support.ui.ExpectedConditions$23.apply(ExpectedConditions.java:656)\n\tat org.openqa.selenium.support.ui.ExpectedConditions$23.apply(ExpectedConditions.java:652)\n\tat org.openqa.selenium.support.ui.FluentWait.until(FluentWait.java:203)\n\t... 7 more\n","flaky":false,"newFailed":false,"newBroken":false,"newPassed":false,"retriesCount":0,"retriesStatusChange":false,"beforeStages":[{"name":"setupTest","time":{"start":1748826434389,"stop":1748826434934,"duration":545},"status":"passed","steps":[],"attachments":[],"parameters":[],"shouldDisplayMessage":false,"stepsCount":0,"attachmentsCount":0,"hasContent":false}],"testStage":{"description":"A complete shopping flow","status":"broken","statusMessage":"Expected condition failed: waiting for element to be clickable: Proxy element for: DefaultElementLocator 'By.id: checkout' (tried for 5 second(s) with 500 milliseconds interval)","statusTrace":"org.openqa.selenium.TimeoutException: Expected condition failed: waiting for element to be clickable: Proxy element for: DefaultElementLocator 'By.id: checkout' (tried for 5 second(s) with 500 milliseconds interval)\n\tat org.openqa.selenium.support.ui.FluentWait.timeoutException(FluentWait.java:265)\n\tat org.openqa.selenium.support.ui.FluentWait.until(FluentWait.java:228)\n\tat com.github.eataborda.ui.pages.BasePage.click(BasePage.java:62)\n\tat com.github.eataborda.ui.pages.CartPage.checkout(CartPage.java:45)\n\tat com.github.eataborda.ui.steps.CartSteps.checkout(CartSteps.java:17)\n\tat com.github.eataborda.ui.features.StandardUserTest.buyItemsTest(StandardUserTest.java:59)\n\tat java.base/java.lang.reflect.Method.invoke(Method.java:580)\n\tat java.base/java.util.ArrayList.forEach(ArrayList.java:1596)\n\tat java.base/java.util.ArrayList.forEach(ArrayList.java:1596)\nCaused by: org.openqa.selenium.NoSuchElementException: no such element: Unable to locate element: {\"method\":\"css selector\",\"selector\":\"#checkout\"}\n  (Session info: chrome=136.0.7103.92)\nFor documentation on this error, please visit: https://www.selenium.dev/documentation/webdriver/troubleshooting/errors#no-such-element-exception\nBuild info: version: '4.33.0', revision: '2c6aaad03a'\nSystem info: os.name: 'Linux', os.arch: 'amd64', os.version: '6.11.0-1014-azure', java.version: '21.0.7'\nDriver info: org.openqa.selenium.chrome.ChromeDriver\nCommand: [18e508dc32623f118cb6bc0213b9ee44, findElement {value=checkout, using=id}]\nCapabilities {acceptInsecureCerts: false, browserName: chrome, browserVersion: 136.0.7103.92, chrome: {chromedriverVersion: 136.0.7103.92 (cb81a4cc5087..., userDataDir: /tmp/.org.chromium.Chromium...}, fedcm:accounts: true, goog:chromeOptions: {debuggerAddress: localhost:40511}, networkConnectionEnabled: false, pageLoadStrategy: normal, platformName: linux, proxy: Proxy(), se:cdp: ws://localhost:40511/devtoo..., se:cdpVersion: 136.0.7103.92, setWindowRect: true, strictFileInteractability: false, timeouts: {implicit: 0, pageLoad: 300000, script: 30000}, unhandledPromptBehavior: dismiss and notify, webauthn:extension:credBlob: true, webauthn:extension:largeBlob: true, webauthn:extension:minPinLength: true, webauthn:extension:prf: true, webauthn:virtualAuthenticators: true}\nSession ID: 18e508dc32623f118cb6bc0213b9ee44\n\tat java.base/jdk.internal.reflect.DirectConstructorHandleAccessor.newInstance(DirectConstructorHandleAccessor.java:62)\n\tat java.base/java.lang.reflect.Constructor.newInstanceWithCaller(Constructor.java:502)\n\tat java.base/java.lang.reflect.Constructor.newInstance(Constructor.java:486)\n\tat org.openqa.selenium.remote.ErrorCodec.decode(ErrorCodec.java:167)\n\tat org.openqa.selenium.remote.codec.w3c.W3CHttpResponseCodec.decode(W3CHttpResponseCodec.java:138)\n\tat org.openqa.selenium.remote.codec.w3c.W3CHttpResponseCodec.decode(W3CHttpResponseCodec.java:50)\n\tat org.openqa.selenium.remote.HttpCommandExecutor.execute(HttpCommandExecutor.java:215)\n\tat org.openqa.selenium.remote.service.DriverCommandExecutor.invokeExecute(DriverCommandExecutor.java:216)\n\tat org.openqa.selenium.remote.service.DriverCommandExecutor.execute(DriverCommandExecutor.java:174)\n\tat org.openqa.selenium.remote.RemoteWebDriver.execute(RemoteWebDriver.java:544)\n\tat org.openqa.selenium.remote.ElementLocation$ElementFinder$2.findElement(ElementLocation.java:165)\n\tat org.openqa.selenium.remote.ElementLocation.findElement(ElementLocation.java:59)\n\tat org.openqa.selenium.remote.RemoteWebDriver.findElement(RemoteWebDriver.java:367)\n\tat org.openqa.selenium.remote.RemoteWebDriver.findElement(RemoteWebDriver.java:361)\n\tat org.openqa.selenium.support.pagefactory.DefaultElementLocator.findElement(DefaultElementLocator.java:68)\n\tat org.openqa.selenium.support.pagefactory.internal.LocatingElementHandler.invoke(LocatingElementHandler.java:38)\n\tat jdk.proxy3/jdk.proxy3.$Proxy27.isDisplayed(Unknown Source)\n\tat org.openqa.selenium.support.ui.ExpectedConditions.elementIfVisible(ExpectedConditions.java:304)\n\tat org.openqa.selenium.support.ui.ExpectedConditions$10.apply(ExpectedConditions.java:290)\n\tat org.openqa.selenium.support.ui.ExpectedConditions$10.apply(ExpectedConditions.java:287)\n\tat org.openqa.selenium.support.ui.ExpectedConditions$23.apply(ExpectedConditions.java:656)\n\tat org.openqa.selenium.support.ui.ExpectedConditions$23.apply(ExpectedConditions.java:652)\n\tat org.openqa.selenium.support.ui.FluentWait.until(FluentWait.java:203)\n\t... 7 more\n","steps":[{"name":"Login with valid user","time":{"start":1748826434934,"stop":1748826435611,"duration":677},"status":"passed","steps":[{"name":"Send 'standard_user' to Username","time":{"start":1748826435065,"stop":1748826435065,"duration":0},"status":"passed","steps":[],"attachments":[],"parameters":[],"shouldDisplayMessage":false,"stepsCount":0,"attachmentsCount":0,"hasContent":false},{"name":"Send 'secret_sauce' to Password","time":{"start":1748826435238,"stop":1748826435238,"duration":0},"status":"passed","steps":[],"attachments":[],"parameters":[],"shouldDisplayMessage":false,"stepsCount":0,"attachmentsCount":0,"hasContent":false},{"name":"Click on login-button","time":{"start":1748826435359,"stop":1748826435359,"duration":0},"status":"passed","steps":[],"attachments":[],"parameters":[],"shouldDisplayMessage":false,"stepsCount":0,"attachmentsCount":0,"hasContent":false}],"attachments":[{"uid":"a4828b5a6e6cf7af","name":"send_standard_user_to_username.png","source":"a4828b5a6e6cf7af.png","type":"image/png","size":31808},{"uid":"50f4d0c653f7c15f","name":"send_secret_sauce_to_password.png","source":"50f4d0c653f7c15f.png","type":"image/png","size":31068},{"uid":"a9999dd3512f060e","name":"click_on_login_button.png","source":"a9999dd3512f060e.png","type":"image/png","size":299107}],"parameters":[{"name":"userName","value":"standard_user"},{"name":"password","value":"secret_sauce"}],"shouldDisplayMessage":false,"stepsCount":3,"attachmentsCount":3,"hasContent":true},{"name":"Add items and go to Cart","time":{"start":1748826435612,"stop":1748826436360,"duration":748},"status":"passed","steps":[{"name":"Add item to cart","time":{"start":1748826435612,"stop":1748826435808,"duration":196},"status":"passed","steps":[{"name":"Click on add-to-cart-sauce-labs-backpack","time":{"start":1748826435640,"stop":1748826435640,"duration":0},"status":"passed","steps":[],"attachments":[],"parameters":[],"shouldDisplayMessage":false,"stepsCount":0,"attachmentsCount":0,"hasContent":false}],"attachments":[{"uid":"83e28e700a25e079","name":"click_on_add_to_cart_sauce_labs_backpack.png","source":"83e28e700a25e079.png","type":"image/png","size":299107}],"parameters":[{"name":"itemName","value":"Sauce Labs Backpack"}],"shouldDisplayMessage":false,"stepsCount":1,"attachmentsCount":1,"hasContent":true},{"name":"Add item to cart","time":{"start":1748826435809,"stop":1748826435991,"duration":182},"status":"passed","steps":[{"name":"Click on add-to-cart-sauce-labs-bolt-t-shirt","time":{"start":1748826435837,"stop":1748826435837,"duration":0},"status":"passed","steps":[],"attachments":[],"parameters":[],"shouldDisplayMessage":false,"stepsCount":0,"attachmentsCount":0,"hasContent":false}],"attachments":[{"uid":"384ec28d7b644dcf","name":"click_on_add_to_cart_sauce_labs_bolt_t_shirt.png","source":"384ec28d7b644dcf.png","type":"image/png","size":299107}],"parameters":[{"name":"itemName","value":"Sauce Labs Bolt T-Shirt"}],"shouldDisplayMessage":false,"stepsCount":1,"attachmentsCount":1,"hasContent":true},{"name":"Add item to cart","time":{"start":1748826435992,"stop":1748826436174,"duration":182},"status":"passed","steps":[{"name":"Click on add-to-cart-sauce-labs-fleece-jacket","time":{"start":1748826436019,"stop":1748826436019,"duration":0},"status":"passed","steps":[],"attachments":[],"parameters":[],"shouldDisplayMessage":false,"stepsCount":0,"attachmentsCount":0,"hasContent":false}],"attachments":[{"uid":"c562de8d3ee33504","name":"click_on_add_to_cart_sauce_labs_fleece_jacket.png","source":"c562de8d3ee33504.png","type":"image/png","size":299107}],"parameters":[{"name":"itemName","value":"Sauce Labs Fleece Jacket"}],"shouldDisplayMessage":false,"stepsCount":1,"attachmentsCount":1,"hasContent":true},{"name":"Go to Cart","time":{"start":1748826436174,"stop":1748826436359,"duration":185},"status":"passed","steps":[{"name":"Click on shopping_cart_container","time":{"start":1748826436200,"stop":1748826436200,"duration":0},"status":"passed","steps":[],"attachments":[],"parameters":[],"shouldDisplayMessage":false,"stepsCount":0,"attachmentsCount":0,"hasContent":false}],"attachments":[{"uid":"e79d714cbb07593","name":"click_on_shopping_cart_container.png","source":"e79d714cbb07593.png","type":"image/png","size":299107}],"parameters":[],"shouldDisplayMessage":false,"stepsCount":1,"attachmentsCount":1,"hasContent":true}],"attachments":[],"parameters":[{"name":"itemNameList","value":"[Sauce Labs Backpack, Sauce Labs Bolt T-Shirt, Sauce Labs Fleece Jacket]"}],"shouldDisplayMessage":false,"stepsCount":8,"attachmentsCount":4,"hasContent":true},{"name":"Checkout","time":{"start":1748826436360,"stop":1748826441527,"duration":5167},"status":"broken","statusMessage":"Expected condition failed: waiting for element to be clickable: Proxy element for: DefaultElementLocator 'By.id: checkout' (tried for 5 second(s) with 500 milliseconds interval)","statusTrace":"org.openqa.selenium.TimeoutException: Expected condition failed: waiting for element to be clickable: Proxy element for: DefaultElementLocator 'By.id: checkout' (tried for 5 second(s) with 500 milliseconds interval)\n\tat org.openqa.selenium.support.ui.FluentWait.timeoutException(FluentWait.java:265)\n\tat org.openqa.selenium.support.ui.FluentWait.until(FluentWait.java:228)\n\tat com.github.eataborda.ui.pages.BasePage.click(BasePage.java:62)\n\tat com.github.eataborda.ui.pages.CartPage.checkout(CartPage.java:45)\n\tat com.github.eataborda.ui.steps.CartSteps.checkout(CartSteps.java:17)\n\tat com.github.eataborda.ui.features.StandardUserTest.buyItemsTest(StandardUserTest.java:59)\n\tat java.base/jdk.internal.reflect.DirectMethodHandleAccessor.invoke(DirectMethodHandleAccessor.java:103)\n\tat java.base/java.lang.reflect.Method.invoke(Method.java:580)\n\tat org.junit.platform.commons.util.ReflectionUtils.invokeMethod(ReflectionUtils.java:787)\n\tat org.junit.platform.commons.support.ReflectionSupport.invokeMethod(ReflectionSupport.java:479)\n\tat org.junit.jupiter.engine.execution.MethodInvocation.proceed(MethodInvocation.java:60)\n\tat org.junit.jupiter.engine.execution.InvocationInterceptorChain$ValidatingInvocation.proceed(InvocationInterceptorChain.java:131)\n\tat org.junit.jupiter.api.extension.InvocationInterceptor.interceptTestMethod(InvocationInterceptor.java:129)\n\tat org.junit.jupiter.engine.execution.InterceptingExecutableInvoker$ReflectiveInterceptorCall.lambda$ofVoidMethod$0(InterceptingExecutableInvoker.java:112)\n\tat org.junit.jupiter.engine.execution.InterceptingExecutableInvoker.lambda$invoke$0(InterceptingExecutableInvoker.java:94)\n\tat org.junit.jupiter.engine.execution.InvocationInterceptorChain$InterceptedInvocation.proceed(InvocationInterceptorChain.java:106)\n\tat org.junit.jupiter.engine.extension.TimeoutExtension.intercept(TimeoutExtension.java:161)\n\tat org.junit.jupiter.engine.extension.TimeoutExtension.interceptTestableMethod(TimeoutExtension.java:152)\n\tat org.junit.jupiter.engine.extension.TimeoutExtension.interceptTestMethod(TimeoutExtension.java:91)\n\tat org.junit.jupiter.engine.execution.InterceptingExecutableInvoker$ReflectiveInterceptorCall.lambda$ofVoidMethod$0(InterceptingExecutableInvoker.java:112)\n\tat org.junit.jupiter.engine.execution.InterceptingExecutableInvoker.lambda$invoke$0(InterceptingExecutableInvoker.java:94)\n\tat org.junit.jupiter.engine.execution.InvocationInterceptorChain$InterceptedInvocation.proceed(InvocationInterceptorChain.java:106)\n\tat org.junit.jupiter.engine.execution.InvocationInterceptorChain.proceed(InvocationInterceptorChain.java:64)\n\tat org.junit.jupiter.engine.execution.InvocationInterceptorChain.chainAndInvoke(InvocationInterceptorChain.java:45)\n\tat org.junit.jupiter.engine.execution.InvocationInterceptorChain.invoke(InvocationInterceptorChain.java:37)\n\tat org.junit.jupiter.engine.execution.InterceptingExecutableInvoker.invoke(InterceptingExecutableInvoker.java:93)\n\tat org.junit.jupiter.engine.execution.InterceptingExecutableInvoker.invoke(InterceptingExecutableInvoker.java:87)\n\tat org.junit.jupiter.engine.descriptor.TestMethodTestDescriptor.lambda$invokeTestMethod$4(TestMethodTestDescriptor.java:221)\n\tat org.junit.platform.engine.support.hierarchical.ThrowableCollector.execute(ThrowableCollector.java:73)\n\tat org.junit.jupiter.engine.descriptor.TestMethodTestDescriptor.invokeTestMethod(TestMethodTestDescriptor.java:217)\n\tat org.junit.jupiter.engine.descriptor.TestMethodTestDescriptor.execute(TestMethodTestDescriptor.java:159)\n\tat org.junit.jupiter.engine.descriptor.TestMethodTestDescriptor.execute(TestMethodTestDescriptor.java:70)\n\tat org.junit.platform.engine.support.hierarchical.NodeTestTask.lambda$executeRecursively$6(NodeTestTask.java:157)\n\tat org.junit.platform.engine.support.hierarchical.ThrowableCollector.execute(ThrowableCollector.java:73)\n\tat org.junit.platform.engine.support.hierarchical.NodeTestTask.lambda$executeRecursively$8(NodeTestTask.java:147)\n\tat org.junit.platform.engine.support.hierarchical.Node.around(Node.java:137)\n\tat org.junit.platform.engine.support.hierarchical.NodeTestTask.lambda$executeRecursively$9(NodeTestTask.java:145)\n\tat org.junit.platform.engine.support.hierarchical.ThrowableCollector.execute(ThrowableCollector.java:73)\n\tat org.junit.platform.engine.support.hierarchical.NodeTestTask.executeRecursively(NodeTestTask.java:144)\n\tat org.junit.platform.engine.support.hierarchical.NodeTestTask.execute(NodeTestTask.java:101)\n\tat java.base/java.util.ArrayList.forEach(ArrayList.java:1596)\n\tat org.junit.platform.engine.support.hierarchical.SameThreadHierarchicalTestExecutorService.invokeAll(SameThreadHierarchicalTestExecutorService.java:41)\n\tat org.junit.platform.engine.support.hierarchical.NodeTestTask.lambda$executeRecursively$6(NodeTestTask.java:161)\n\tat org.junit.platform.engine.support.hierarchical.ThrowableCollector.execute(ThrowableCollector.java:73)\n\tat org.junit.platform.engine.support.hierarchical.NodeTestTask.lambda$executeRecursively$8(NodeTestTask.java:147)\n\tat org.junit.platform.engine.support.hierarchical.Node.around(Node.java:137)\n\tat org.junit.platform.engine.support.hierarchical.NodeTestTask.lambda$executeRecursively$9(NodeTestTask.java:145)\n\tat org.junit.platform.engine.support.hierarchical.ThrowableCollector.execute(ThrowableCollector.java:73)\n\tat org.junit.platform.engine.support.hierarchical.NodeTestTask.executeRecursively(NodeTestTask.java:144)\n\tat org.junit.platform.engine.support.hierarchical.NodeTestTask.execute(NodeTestTask.java:101)\n\tat java.base/java.util.ArrayList.forEach(ArrayList.java:1596)\n\tat org.junit.platform.engine.support.hierarchical.SameThreadHierarchicalTestExecutorService.invokeAll(SameThreadHierarchicalTestExecutorService.java:41)\n\tat org.junit.platform.engine.support.hierarchical.NodeTestTask.lambda$executeRecursively$6(NodeTestTask.java:161)\n\tat org.junit.platform.engine.support.hierarchical.ThrowableCollector.execute(ThrowableCollector.java:73)\n\tat org.junit.platform.engine.support.hierarchical.NodeTestTask.lambda$executeRecursively$8(NodeTestTask.java:147)\n\tat org.junit.platform.engine.support.hierarchical.Node.around(Node.java:137)\n\tat org.junit.platform.engine.support.hierarchical.NodeTestTask.lambda$executeRecursively$9(NodeTestTask.java:145)\n\tat org.junit.platform.engine.support.hierarchical.ThrowableCollector.execute(ThrowableCollector.java:73)\n\tat org.junit.platform.engine.support.hierarchical.NodeTestTask.executeRecursively(NodeTestTask.java:144)\n\tat org.junit.platform.engine.support.hierarchical.NodeTestTask.execute(NodeTestTask.java:101)\n\tat org.junit.platform.engine.support.hierarchical.SameThreadHierarchicalTestExecutorService.submit(SameThreadHierarchicalTestExecutorService.java:35)\n\tat org.junit.platform.engine.support.hierarchical.HierarchicalTestExecutor.execute(HierarchicalTestExecutor.java:57)\n\tat org.junit.platform.engine.support.hierarchical.HierarchicalTestEngine.execute(HierarchicalTestEngine.java:54)\n\tat org.junit.platform.launcher.core.EngineExecutionOrchestrator.executeEngine(EngineExecutionOrchestrator.java:230)\n\tat org.junit.platform.launcher.core.EngineExecutionOrchestrator.failOrExecuteEngine(EngineExecutionOrchestrator.java:204)\n\tat org.junit.platform.launcher.core.EngineExecutionOrchestrator.execute(EngineExecutionOrchestrator.java:172)\n\tat org.junit.platform.launcher.core.EngineExecutionOrchestrator.execute(EngineExecutionOrchestrator.java:101)\n\tat org.junit.platform.launcher.core.EngineExecutionOrchestrator.lambda$execute$0(EngineExecutionOrchestrator.java:64)\n\tat org.junit.platform.launcher.core.EngineExecutionOrchestrator.withInterceptedStreams(EngineExecutionOrchestrator.java:150)\n\tat org.junit.platform.launcher.core.EngineExecutionOrchestrator.execute(EngineExecutionOrchestrator.java:63)\n\tat org.junit.platform.launcher.core.DefaultLauncher.execute(DefaultLauncher.java:109)\n\tat org.junit.platform.launcher.core.DefaultLauncher.execute(DefaultLauncher.java:91)\n\tat org.junit.platform.launcher.core.DelegatingLauncher.execute(DelegatingLauncher.java:47)\n\tat org.junit.platform.launcher.core.InterceptingLauncher.lambda$execute$1(InterceptingLauncher.java:39)\n\tat org.junit.platform.launcher.core.ClasspathAlignmentCheckingLauncherInterceptor.intercept(ClasspathAlignmentCheckingLauncherInterceptor.java:25)\n\tat org.junit.platform.launcher.core.InterceptingLauncher.execute(InterceptingLauncher.java:38)\n\tat org.junit.platform.launcher.core.DelegatingLauncher.execute(DelegatingLauncher.java:47)\n\tat org.gradle.api.internal.tasks.testing.junitplatform.JUnitPlatformTestClassProcessor$CollectAllTestClassesExecutor.processAllTestClasses(JUnitPlatformTestClassProcessor.java:124)\n\tat org.gradle.api.internal.tasks.testing.junitplatform.JUnitPlatformTestClassProcessor$CollectAllTestClassesExecutor.access$000(JUnitPlatformTestClassProcessor.java:99)\n\tat org.gradle.api.internal.tasks.testing.junitplatform.JUnitPlatformTestClassProcessor.stop(JUnitPlatformTestClassProcessor.java:94)\n\tat org.gradle.api.internal.tasks.testing.SuiteTestClassProcessor.stop(SuiteTestClassProcessor.java:63)\n\tat java.base/jdk.internal.reflect.DirectMethodHandleAccessor.invoke(DirectMethodHandleAccessor.java:103)\n\tat java.base/java.lang.reflect.Method.invoke(Method.java:580)\n\tat org.gradle.internal.dispatch.ReflectionDispatch.dispatch(ReflectionDispatch.java:36)\n\tat org.gradle.internal.dispatch.ReflectionDispatch.dispatch(ReflectionDispatch.java:24)\n\tat org.gradle.internal.dispatch.ContextClassLoaderDispatch.dispatch(ContextClassLoaderDispatch.java:33)\n\tat org.gradle.internal.dispatch.ProxyDispatchAdapter$DispatchingInvocationHandler.invoke(ProxyDispatchAdapter.java:92)\n\tat jdk.proxy1/jdk.proxy1.$Proxy4.stop(Unknown Source)\n\tat org.gradle.api.internal.tasks.testing.worker.TestWorker$3.run(TestWorker.java:198)\n\tat org.gradle.api.internal.tasks.testing.worker.TestWorker.executeAndMaintainThreadName(TestWorker.java:130)\n\tat org.gradle.api.internal.tasks.testing.worker.TestWorker.execute(TestWorker.java:101)\n\tat org.gradle.api.internal.tasks.testing.worker.TestWorker.execute(TestWorker.java:61)\n\tat org.gradle.process.internal.worker.child.ActionExecutionWorker.execute(ActionExecutionWorker.java:56)\n\tat org.gradle.process.internal.worker.child.SystemApplicationClassLoaderWorker.call(SystemApplicationClassLoaderWorker.java:122)\n\tat org.gradle.process.internal.worker.child.SystemApplicationClassLoaderWorker.call(SystemApplicationClassLoaderWorker.java:69)\n\tat worker.org.gradle.process.internal.worker.GradleWorkerMain.run(GradleWorkerMain.java:69)\n\tat worker.org.gradle.process.internal.worker.GradleWorkerMain.main(GradleWorkerMain.java:74)\nCaused by: org.openqa.selenium.NoSuchElementException: no such element: Unable to locate element: {\"method\":\"css selector\",\"selector\":\"#checkout\"}\n  (Session info: chrome=136.0.7103.92)\nFor documentation on this error, please visit: https://www.selenium.dev/documentation/webdriver/troubleshooting/errors#no-such-element-exception\nBuild info: version: '4.33.0', revision: '2c6aaad03a'\nSystem info: os.name: 'Linux', os.arch: 'amd64', os.version: '6.11.0-1014-azure', java.version: '21.0.7'\nDriver info: org.openqa.selenium.chrome.ChromeDriver\nCommand: [18e508dc32623f118cb6bc0213b9ee44, findElement {value=checkout, using=id}]\nCapabilities {acceptInsecureCerts: false, browserName: chrome, browserVersion: 136.0.7103.92, chrome: {chromedriverVersion: 136.0.7103.92 (cb81a4cc5087..., userDataDir: /tmp/.org.chromium.Chromium...}, fedcm:accounts: true, goog:chromeOptions: {debuggerAddress: localhost:40511}, networkConnectionEnabled: false, pageLoadStrategy: normal, platformName: linux, proxy: Proxy(), se:cdp: ws://localhost:40511/devtoo..., se:cdpVersion: 136.0.7103.92, setWindowRect: true, strictFileInteractability: false, timeouts: {implicit: 0, pageLoad: 300000, script: 30000}, unhandledPromptBehavior: dismiss and notify, webauthn:extension:credBlob: true, webauthn:extension:largeBlob: true, webauthn:extension:minPinLength: true, webauthn:extension:prf: true, webauthn:virtualAuthenticators: true}\nSession ID: 18e508dc32623f118cb6bc0213b9ee44\n\tat java.base/jdk.internal.reflect.DirectConstructorHandleAccessor.newInstance(DirectConstructorHandleAccessor.java:62)\n\tat java.base/java.lang.reflect.Constructor.newInstanceWithCaller(Constructor.java:502)\n\tat java.base/java.lang.reflect.Constructor.newInstance(Constructor.java:486)\n\tat org.openqa.selenium.remote.ErrorCodec.decode(ErrorCodec.java:167)\n\tat org.openqa.selenium.remote.codec.w3c.W3CHttpResponseCodec.decode(W3CHttpResponseCodec.java:138)\n\tat org.openqa.selenium.remote.codec.w3c.W3CHttpResponseCodec.decode(W3CHttpResponseCodec.java:50)\n\tat org.openqa.selenium.remote.HttpCommandExecutor.execute(HttpCommandExecutor.java:215)\n\tat org.openqa.selenium.remote.service.DriverCommandExecutor.invokeExecute(DriverCommandExecutor.java:216)\n\tat org.openqa.selenium.remote.service.DriverCommandExecutor.execute(DriverCommandExecutor.java:174)\n\tat org.openqa.selenium.remote.RemoteWebDriver.execute(RemoteWebDriver.java:544)\n\tat org.openqa.selenium.remote.ElementLocation$ElementFinder$2.findElement(ElementLocation.java:165)\n\tat org.openqa.selenium.remote.ElementLocation.findElement(ElementLocation.java:59)\n\tat org.openqa.selenium.remote.RemoteWebDriver.findElement(RemoteWebDriver.java:367)\n\tat org.openqa.selenium.remote.RemoteWebDriver.findElement(RemoteWebDriver.java:361)\n\tat org.openqa.selenium.support.pagefactory.DefaultElementLocator.findElement(DefaultElementLocator.java:68)\n\tat org.openqa.selenium.support.pagefactory.internal.LocatingElementHandler.invoke(LocatingElementHandler.java:38)\n\tat jdk.proxy3/jdk.proxy3.$Proxy27.isDisplayed(Unknown Source)\n\tat org.openqa.selenium.support.ui.ExpectedConditions.elementIfVisible(ExpectedConditions.java:304)\n\tat org.openqa.selenium.support.ui.ExpectedConditions$10.apply(ExpectedConditions.java:290)\n\tat org.openqa.selenium.support.ui.ExpectedConditions$10.apply(ExpectedConditions.java:287)\n\tat org.openqa.selenium.support.ui.ExpectedConditions$23.apply(ExpectedConditions.java:656)\n\tat org.openqa.selenium.support.ui.ExpectedConditions$23.apply(ExpectedConditions.java:652)\n\tat org.openqa.selenium.support.ui.FluentWait.until(FluentWait.java:203)\n\t... 95 more\n","steps":[],"attachments":[],"parameters":[],"shouldDisplayMessage":true,"stepsCount":0,"attachmentsCount":0,"hasContent":true}],"attachments":[],"parameters":[],"shouldDisplayMessage":false,"stepsCount":14,"attachmentsCount":7,"hasContent":true},"afterStages":[{"name":"teardown","time":{"start":1748826441528,"stop":1748826441600,"duration":72},"status":"passed","steps":[],"attachments":[],"parameters":[],"shouldDisplayMessage":false,"stepsCount":0,"attachmentsCount":0,"hasContent":false}],"labels":[{"name":"tag","value":"buy-items"},{"name":"tag","value":"standard-user"},{"name":"tag","value":"smoke"},{"name":"tag","value":"regression"},{"name":"junit.platform.uniqueid","value":"[engine:junit-jupiter]/[class:com.github.eataborda.ui.features.StandardUserTest]/[method:buyItemsTest()]"},{"name":"epic","value":"Shopping"},{"name":"feature","value":"Buy Items"},{"name":"host","value":"pkrvmf6wy0o8zjz"},{"name":"thread","value":"2707@pkrvmf6wy0o8zjz.Test worker(1)"},{"name":"framework","value":"junit-platform"},{"name":"language","value":"java"},{"name":"package","value":"com.github.eataborda.ui.features.StandardUserTest"},{"name":"testClass","value":"com.github.eataborda.ui.features.StandardUserTest"},{"name":"testMethod","value":"buyItemsTest"},{"name":"suite","value":"Standard User"},{"name":"resultFormat","value":"allure2"}],"parameters":[],"links":[],"hidden":false,"retry":false,"extra":{"severity":"normal","retries":[],"categories":[{"name":"Test defects","matchedStatuses":[],"flaky":false}],"history":{"statistic":{"failed":0,"broken":58,"skipped":0,"passed":48,"unknown":0,"total":106},"items":[{"uid":"e67382e36e47f0c3","reportUrl":"https://eataborda.github.io/ui-selenium/282//#testresult/e67382e36e47f0c3","status":"broken","statusDetails":"Expected condition failed: waiting for element to be clickable: Proxy element for: DefaultElementLocator 'By.id: checkout' (tried for 5 second(s) with 500 milliseconds interval)","time":{"start":1748822869257,"stop":1748822876460,"duration":7203}},{"uid":"f2d36070287ae5ba","reportUrl":"https://eataborda.github.io/ui-selenium/281//#testresult/f2d36070287ae5ba","status":"broken","statusDetails":"Could not start a new session. Response code 500. Message: Process unexpectedly closed with status 1 \nHost info: host: 'pkrvmf6wy0o8zjz', ip: '10.1.0.112'\nBuild info: version: '4.33.0', revision: '2c6aaad03a'\nSystem info: os.name: 'Linux', os.arch: 'amd64', os.version: '6.11.0-1014-azure', java.version: '21.0.7'\nDriver info: org.openqa.selenium.firefox.FirefoxDriver\nCommand: [null, newSession {capabilities=[Capabilities {acceptInsecureCerts: true, browserName: firefox, moz:firefoxOptions: {binary: /usr/bin/firefox, prefs: {remote.active-protocols: 1}}}]}]","time":{"start":1748822647829,"stop":1748822647978,"duration":149}},{"uid":"252b7f92203cd47e","reportUrl":"https://eataborda.github.io/ui-selenium/280//#testresult/252b7f92203cd47e","status":"broken","statusDetails":"Expected condition failed: waiting for element to be clickable: Proxy element for: DefaultElementLocator 'By.id: checkout' (tried for 5 second(s) with 500 milliseconds interval)","time":{"start":1748821957664,"stop":1748821964862,"duration":7198}},{"uid":"d3f6beee5c71d09c","reportUrl":"https://eataborda.github.io/ui-selenium/279//#testresult/d3f6beee5c71d09c","status":"broken","statusDetails":"Could not start a new session. Response code 500. Message: session not created: probably user data directory is already in use, please specify a unique value for --user-data-dir argument, or don't use --user-data-dir \nHost info: host: 'pkrvmf6wy0o8zjz', ip: '10.1.0.22'\nBuild info: version: '4.33.0', revision: '2c6aaad03a'\nSystem info: os.name: 'Linux', os.arch: 'amd64', os.version: '6.11.0-1014-azure', java.version: '21.0.7'\nDriver info: org.openqa.selenium.chrome.ChromeDriver\nCommand: [null, newSession {capabilities=[Capabilities {browserName: chrome, goog:chromeOptions: {args: [--incognito;--headless=new;...], binary: /usr/bin/google-chrome, extensions: []}}]}]","time":{"start":1748821753244,"stop":1748821753464,"duration":220}},{"uid":"547904bd72ea9ac6","reportUrl":"https://eataborda.github.io/ui-selenium/278//#testresult/547904bd72ea9ac6","status":"broken","statusDetails":"Could not start a new session. Response code 500. Message: session not created: probably user data directory is already in use, please specify a unique value for --user-data-dir argument, or don't use --user-data-dir \nHost info: host: 'pkrvmf6wy0o8zjz', ip: '10.1.0.100'\nBuild info: version: '4.33.0', revision: '2c6aaad03a'\nSystem info: os.name: 'Linux', os.arch: 'amd64', os.version: '6.11.0-1014-azure', java.version: '21.0.7'\nDriver info: org.openqa.selenium.chrome.ChromeDriver\nCommand: [null, newSession {capabilities=[Capabilities {browserName: chrome, goog:chromeOptions: {args: [--incognito;--headless=new;...], binary: /usr/bin/google-chrome, extensions: []}}]}]","time":{"start":1748821557146,"stop":1748821557365,"duration":219}},{"uid":"b9b09c7f911e258e","reportUrl":"https://eataborda.github.io/ui-selenium/277//#testresult/b9b09c7f911e258e","status":"broken","statusDetails":"Could not start a new session. Response code 500. Message: session not created: probably user data directory is already in use, please specify a unique value for --user-data-dir argument, or don't use --user-data-dir \nHost info: host: 'pkrvmf6wy0o8zjz', ip: '10.1.0.236'\nBuild info: version: '4.33.0', revision: '2c6aaad03a'\nSystem info: os.name: 'Linux', os.arch: 'amd64', os.version: '6.11.0-1014-azure', java.version: '21.0.7'\nDriver info: org.openqa.selenium.chrome.ChromeDriver\nCommand: [null, newSession {capabilities=[Capabilities {browserName: chrome, goog:chromeOptions: {args: [--incognito --headless=new ...], binary: /usr/bin/google-chrome, extensions: []}}]}]","time":{"start":1748821399512,"stop":1748821399730,"duration":218}},{"uid":"cdf46c738f305a75","reportUrl":"https://eataborda.github.io/ui-selenium/276//#testresult/cdf46c738f305a75","status":"broken","statusDetails":"Could not start a new session. Response code 500. Message: session not created: probably user data directory is already in use, please specify a unique value for --user-data-dir argument, or don't use --user-data-dir \nHost info: host: 'pkrvmf6wy0o8zjz', ip: '10.1.0.36'\nBuild info: version: '4.33.0', revision: '2c6aaad03a'\nSystem info: os.name: 'Linux', os.arch: 'amd64', os.version: '6.11.0-1014-azure', java.version: '21.0.7'\nDriver info: org.openqa.selenium.chrome.ChromeDriver\nCommand: [null, newSession {capabilities=[Capabilities {browserName: chrome, goog:chromeOptions: {args: [--incognito --headless=new ...], binary: /usr/bin/google-chrome, extensions: []}}]}]","time":{"start":1748821241279,"stop":1748821241499,"duration":220}},{"uid":"e588e0528a841e5b","reportUrl":"https://eataborda.github.io/ui-selenium/275//#testresult/e588e0528a841e5b","status":"broken","statusDetails":"Could not start a new session. Response code 500. Message: session not created: probably user data directory is already in use, please specify a unique value for --user-data-dir argument, or don't use --user-data-dir \nHost info: host: 'pkrvmf6wy0o8zjz', ip: '10.1.0.235'\nBuild info: version: '4.33.0', revision: '2c6aaad03a'\nSystem info: os.name: 'Linux', os.arch: 'amd64', os.version: '6.11.0-1014-azure', java.version: '21.0.7'\nDriver info: org.openqa.selenium.chrome.ChromeDriver\nCommand: [null, newSession {capabilities=[Capabilities {browserName: chrome, goog:chromeOptions: {args: [--incognito;--headless=new;...], binary: /usr/bin/google-chrome, extensions: []}}]}]","time":{"start":1748820781586,"stop":1748820781803,"duration":217}},{"uid":"1abf62768e6b306f","reportUrl":"https://eataborda.github.io/ui-selenium/274//#testresult/1abf62768e6b306f","status":"broken","statusDetails":"Expected condition failed: waiting for element to be clickable: Proxy element for: DefaultElementLocator 'By.id: checkout' (tried for 5 second(s) with 500 milliseconds interval)","time":{"start":1748820530077,"stop":1748820537401,"duration":7324}},{"uid":"8349d981cc786cc4","reportUrl":"https://eataborda.github.io/ui-selenium/273//#testresult/8349d981cc786cc4","status":"broken","statusDetails":"Expected condition failed: waiting for element to be clickable: Proxy element for: DefaultElementLocator 'By.id: checkout' (tried for 5 second(s) with 500 milliseconds interval)","time":{"start":1748819758592,"stop":1748819765781,"duration":7189}},{"uid":"a23693e5341ca58b","reportUrl":"https://eataborda.github.io/ui-selenium/272//#testresult/a23693e5341ca58b","status":"broken","statusDetails":"Could not start a new session. Response code 500. Message: session not created: probably user data directory is already in use, please specify a unique value for --user-data-dir argument, or don't use --user-data-dir \nHost info: host: 'pkrvmf6wy0o8zjz', ip: '10.1.0.147'\nBuild info: version: '4.33.0', revision: '2c6aaad03a'\nSystem info: os.name: 'Linux', os.arch: 'amd64', os.version: '6.11.0-1014-azure', java.version: '21.0.7'\nDriver info: org.openqa.selenium.chrome.ChromeDriver\nCommand: [null, newSession {capabilities=[Capabilities {browserName: chrome, goog:chromeOptions: {args: [--incognito;--headless=new;...], binary: /usr/bin/google-chrome, extensions: []}}]}]","time":{"start":1748819312791,"stop":1748819313010,"duration":219}},{"uid":"38af849ef7d17344","reportUrl":"https://eataborda.github.io/ui-selenium/271//#testresult/38af849ef7d17344","status":"broken","statusDetails":"Could not start a new session. Response code 500. Message: session not created: probably user data directory is already in use, please specify a unique value for --user-data-dir argument, or don't use --user-data-dir \nHost info: host: 'pkrvmf6wy0o8zjz', ip: '10.1.0.13'\nBuild info: version: '4.33.0', revision: '2c6aaad03a'\nSystem info: os.name: 'Linux', os.arch: 'amd64', os.version: '6.11.0-1014-azure', java.version: '21.0.7'\nDriver info: org.openqa.selenium.chrome.ChromeDriver\nCommand: [null, newSession {capabilities=[Capabilities {browserName: chrome, goog:chromeOptions: {args: [--incognito;--headless=new;...], binary: /usr/bin/google-chrome, extensions: []}}]}]","time":{"start":1748819146728,"stop":1748819147005,"duration":277}},{"uid":"1125fcafe7ba02a0","reportUrl":"https://eataborda.github.io/ui-selenium/270//#testresult/1125fcafe7ba02a0","status":"broken","statusDetails":"Expected condition failed: waiting for element to be clickable: Proxy element for: DefaultElementLocator 'By.id: checkout' (tried for 5 second(s) with 700 milliseconds interval)","time":{"start":1748816667000,"stop":1748816673980,"duration":6980}},{"uid":"d0af53d8527554de","reportUrl":"https://eataborda.github.io/ui-selenium/269//#testresult/d0af53d8527554de","status":"broken","statusDetails":"Expected condition failed: waiting for element to be clickable: Proxy element for: DefaultElementLocator 'By.id: checkout' (tried for 5 second(s) with 500 milliseconds interval)","time":{"start":1748815870078,"stop":1748815877270,"duration":7192}},{"uid":"75813b5148bc71b5","reportUrl":"https://eataborda.github.io/ui-selenium/268//#testresult/75813b5148bc71b5","status":"broken","statusDetails":"Expected condition failed: waiting for element to be clickable: Proxy element for: DefaultElementLocator 'By.id: checkout' (tried for 5 second(s) with 500 milliseconds interval)","time":{"start":1748815588573,"stop":1748815595782,"duration":7209}},{"uid":"ff7b7d644c9f1033","reportUrl":"https://eataborda.github.io/ui-selenium/267//#testresult/ff7b7d644c9f1033","status":"broken","statusDetails":"Expected condition failed: waiting for element to be clickable: Proxy element for: DefaultElementLocator 'By.id: checkout' (tried for 5 second(s) with 500 milliseconds interval)","time":{"start":1748814983660,"stop":1748814990861,"duration":7201}},{"uid":"26a6c72ea60635b5","reportUrl":"https://eataborda.github.io/ui-selenium/266//#testresult/26a6c72ea60635b5","status":"broken","statusDetails":"Could not start a new session. Response code 500. Message: session not created: This version of ChromeDriver only supports Chrome version 137\nCurrent browser version is 136.0.7103.92 with binary path /usr/bin/google-chrome \nHost info: host: 'pkrvmf6wy0o8zjz', ip: '10.1.0.173'\nBuild info: version: '4.28.1', revision: '73f5ad48a2'\nSystem info: os.name: 'Linux', os.arch: 'amd64', os.version: '6.11.0-1014-azure', java.version: '21.0.7'\nDriver info: org.openqa.selenium.chrome.ChromeDriver\nCommand: [null, newSession {capabilities=[Capabilities {browserName: chrome, goog:chromeOptions: {args: [--headless=new;--window-siz...], binary: /usr/bin/google-chrome, extensions: []}}]}]","time":{"start":1748813749341,"stop":1748813749686,"duration":345}},{"uid":"8afb252369241e13","reportUrl":"https://eataborda.github.io/ui-selenium/265//#testresult/8afb252369241e13","status":"broken","statusDetails":"Could not start a new session. Response code 500. Message: session not created: This version of ChromeDriver only supports Chrome version 133\nCurrent browser version is 136.0.7103.92 with binary path /usr/bin/google-chrome \nHost info: host: 'pkrvmf6wy0o8zjz', ip: '10.1.0.234'\nBuild info: version: '4.28.1', revision: '73f5ad48a2'\nSystem info: os.name: 'Linux', os.arch: 'amd64', os.version: '6.11.0-1014-azure', java.version: '22.0.2'\nDriver info: org.openqa.selenium.chrome.ChromeDriver\nCommand: [null, newSession {capabilities=[Capabilities {browserName: chrome, goog:chromeOptions: {args: [--headless=new;--window-siz...], binary: /usr/bin/google-chrome, extensions: []}}]}]","time":{"start":1748509518713,"stop":1748509519197,"duration":484}},{"uid":"2b301da5d5bf38ec","reportUrl":"https://eataborda.github.io/ui-selenium/263//#testresult/2b301da5d5bf38ec","status":"broken","statusDetails":"Could not start a new session. Response code 500. Message: session not created: This version of ChromeDriver only supports Chrome version 133\nCurrent browser version is 136.0.7103.92 with binary path /usr/bin/google-chrome \nHost info: host: 'pkrvmf6wy0o8zjz', ip: '10.1.0.133'\nBuild info: version: '4.28.1', revision: '73f5ad48a2'\nSystem info: os.name: 'Linux', os.arch: 'amd64', os.version: '6.11.0-1014-azure', java.version: '22.0.2'\nDriver info: org.openqa.selenium.chrome.ChromeDriver\nCommand: [null, newSession {capabilities=[Capabilities {browserName: chrome, goog:chromeOptions: {args: [--headless=new;--window-siz...], binary: /usr/bin/google-chrome, extensions: []}}]}]","time":{"start":1747904710140,"stop":1747904710482,"duration":342}},{"uid":"158a8bb420941848","reportUrl":"https://eataborda.github.io/ui-selenium/262//#testresult/158a8bb420941848","status":"broken","statusDetails":"Could not start a new session. Response code 500. Message: session not created: This version of ChromeDriver only supports Chrome version 133\nCurrent browser version is 136.0.7103.92 with binary path /usr/bin/google-chrome \nHost info: host: 'pkrvmf6wy0o8zjz', ip: '10.1.0.247'\nBuild info: version: '4.28.1', revision: '73f5ad48a2'\nSystem info: os.name: 'Linux', os.arch: 'amd64', os.version: '6.11.0-1014-azure', java.version: '22.0.2'\nDriver info: org.openqa.selenium.chrome.ChromeDriver\nCommand: [null, newSession {capabilities=[Capabilities {browserName: chrome, goog:chromeOptions: {args: [--headless=new;--window-siz...], binary: /usr/bin/google-chrome, extensions: []}}]}]","time":{"start":1747645557423,"stop":1747645557766,"duration":343}}]},"tags":["standard-user","regression","smoke","buy-items"]},"source":"83ff4a8d1c6eb648.json","parameterValues":[]}