{"uid":"da9643f36350cc3c","name":"Login locked out user test","fullName":"com.github.eataborda.ui.features.LockedOutUserTest.lockedOutUserTest","historyId":"b4df448143a23278b6ec32cec572cffc","time":{"start":1729501492899,"stop":1729501494572,"duration":1673},"description":"Verification of the error messages for a blocked user","descriptionHtml":"<p>Verification of the error messages for a blocked user</p>\n","status":"broken","statusMessage":"Could not start a new session. Response code 500. Message: session not created: This version of ChromeDriver only supports Chrome version 128\nCurrent browser version is 130.0.6723.58 with binary path /usr/bin/google-chrome \nHost info: host: 'fv-az711-519', ip: '10.1.0.152'\nBuild info: version: '4.24.0', revision: '748ffc9bc3'\nSystem info: os.name: 'Linux', os.arch: 'amd64', os.version: '6.5.0-1025-azure', java.version: '22.0.2'\nDriver info: org.openqa.selenium.chrome.ChromeDriver\nCommand: [null, newSession {capabilities=[Capabilities {browserName: chrome, goog:chromeOptions: {args: [--headless=new;--window-siz...], binary: /usr/bin/google-chrome, extensions: []}}]}]","statusTrace":"org.openqa.selenium.SessionNotCreatedException: Could not start a new session. Response code 500. Message: session not created: This version of ChromeDriver only supports Chrome version 128\nCurrent browser version is 130.0.6723.58 with binary path /usr/bin/google-chrome \nHost info: host: 'fv-az711-519', ip: '10.1.0.152'\nBuild info: version: '4.24.0', revision: '748ffc9bc3'\nSystem info: os.name: 'Linux', os.arch: 'amd64', os.version: '6.5.0-1025-azure', java.version: '22.0.2'\nDriver info: org.openqa.selenium.chrome.ChromeDriver\nCommand: [null, newSession {capabilities=[Capabilities {browserName: chrome, goog:chromeOptions: {args: [--headless=new;--window-siz...], binary: /usr/bin/google-chrome, extensions: []}}]}]\n\tat org.openqa.selenium.remote.ProtocolHandshake.createSession(ProtocolHandshake.java:114)\n\tat org.openqa.selenium.remote.ProtocolHandshake.createSession(ProtocolHandshake.java:75)\n\tat org.openqa.selenium.remote.ProtocolHandshake.createSession(ProtocolHandshake.java:61)\n\tat org.openqa.selenium.remote.HttpCommandExecutor.execute(HttpCommandExecutor.java:162)\n\tat org.openqa.selenium.remote.service.DriverCommandExecutor.invokeExecute(DriverCommandExecutor.java:216)\n\tat org.openqa.selenium.remote.service.DriverCommandExecutor.execute(DriverCommandExecutor.java:174)\n\tat org.openqa.selenium.remote.RemoteWebDriver.execute(RemoteWebDriver.java:545)\n\tat org.openqa.selenium.remote.RemoteWebDriver.startSession(RemoteWebDriver.java:245)\n\tat org.openqa.selenium.remote.RemoteWebDriver.<init>(RemoteWebDriver.java:174)\n\tat org.openqa.selenium.chromium.ChromiumDriver.<init>(ChromiumDriver.java:114)\n\tat org.openqa.selenium.chrome.ChromeDriver.<init>(ChromeDriver.java:88)\n\tat org.openqa.selenium.chrome.ChromeDriver.<init>(ChromeDriver.java:83)\n\tat org.openqa.selenium.chrome.ChromeDriver.<init>(ChromeDriver.java:72)\n\tat com.github.eataborda.ui.driver.WebDriverConfig.setupBrowser(WebDriverConfig.java:28)\n\tat com.github.eataborda.ui.features.LockedOutUserTest.setupTest(LockedOutUserTest.java:24)\n\tat java.base/java.lang.reflect.Method.invoke(Method.java:580)\n\tat io.qameta.allure.junit5.AllureJunit5.processFixture(AllureJunit5.java:138)\n\tat io.qameta.allure.junit5.AllureJunit5.interceptBeforeEachMethod(AllureJunit5.java:116)\n\tat java.base/java.util.ArrayList.forEach(ArrayList.java:1597)\n\tat java.base/java.util.ArrayList.forEach(ArrayList.java:1597)\n","flaky":false,"newFailed":false,"newBroken":true,"newPassed":false,"retriesCount":0,"retriesStatusChange":false,"beforeStages":[{"name":"setupTest","time":{"start":1729501492930,"stop":1729501494556,"duration":1626},"status":"broken","statusMessage":"Could not start a new session. Response code 500. Message: session not created: This version of ChromeDriver only supports Chrome version 128\nCurrent browser version is 130.0.6723.58 with binary path /usr/bin/google-chrome \nHost info: host: 'fv-az711-519', ip: '10.1.0.152'\nBuild info: version: '4.24.0', revision: '748ffc9bc3'\nSystem info: os.name: 'Linux', os.arch: 'amd64', os.version: '6.5.0-1025-azure', java.version: '22.0.2'\nDriver info: org.openqa.selenium.chrome.ChromeDriver\nCommand: [null, newSession {capabilities=[Capabilities {browserName: chrome, goog:chromeOptions: {args: [--headless=new;--window-siz...], binary: /usr/bin/google-chrome, extensions: []}}]}]","statusTrace":"org.openqa.selenium.SessionNotCreatedException: Could not start a new session. Response code 500. Message: session not created: This version of ChromeDriver only supports Chrome version 128\nCurrent browser version is 130.0.6723.58 with binary path /usr/bin/google-chrome \nHost info: host: 'fv-az711-519', ip: '10.1.0.152'\nBuild info: version: '4.24.0', revision: '748ffc9bc3'\nSystem info: os.name: 'Linux', os.arch: 'amd64', os.version: '6.5.0-1025-azure', java.version: '22.0.2'\nDriver info: org.openqa.selenium.chrome.ChromeDriver\nCommand: [null, newSession {capabilities=[Capabilities {browserName: chrome, goog:chromeOptions: {args: [--headless=new;--window-siz...], binary: /usr/bin/google-chrome, extensions: []}}]}]\n\tat org.openqa.selenium.remote.ProtocolHandshake.createSession(ProtocolHandshake.java:114)\n\tat org.openqa.selenium.remote.ProtocolHandshake.createSession(ProtocolHandshake.java:75)\n\tat org.openqa.selenium.remote.ProtocolHandshake.createSession(ProtocolHandshake.java:61)\n\tat org.openqa.selenium.remote.HttpCommandExecutor.execute(HttpCommandExecutor.java:162)\n\tat org.openqa.selenium.remote.service.DriverCommandExecutor.invokeExecute(DriverCommandExecutor.java:216)\n\tat org.openqa.selenium.remote.service.DriverCommandExecutor.execute(DriverCommandExecutor.java:174)\n\tat org.openqa.selenium.remote.RemoteWebDriver.execute(RemoteWebDriver.java:545)\n\tat org.openqa.selenium.remote.RemoteWebDriver.startSession(RemoteWebDriver.java:245)\n\tat org.openqa.selenium.remote.RemoteWebDriver.<init>(RemoteWebDriver.java:174)\n\tat org.openqa.selenium.chromium.ChromiumDriver.<init>(ChromiumDriver.java:114)\n\tat org.openqa.selenium.chrome.ChromeDriver.<init>(ChromeDriver.java:88)\n\tat org.openqa.selenium.chrome.ChromeDriver.<init>(ChromeDriver.java:83)\n\tat org.openqa.selenium.chrome.ChromeDriver.<init>(ChromeDriver.java:72)\n\tat com.github.eataborda.ui.driver.WebDriverConfig.setupBrowser(WebDriverConfig.java:28)\n\tat com.github.eataborda.ui.features.LockedOutUserTest.setupTest(LockedOutUserTest.java:24)\n\tat java.base/jdk.internal.reflect.DirectMethodHandleAccessor.invoke(DirectMethodHandleAccessor.java:103)\n\tat java.base/java.lang.reflect.Method.invoke(Method.java:580)\n\tat org.junit.platform.commons.util.ReflectionUtils.invokeMethod(ReflectionUtils.java:728)\n\tat org.junit.jupiter.engine.execution.MethodInvocation.proceed(MethodInvocation.java:60)\n\tat org.junit.jupiter.engine.execution.InvocationInterceptorChain$ValidatingInvocation.proceed(InvocationInterceptorChain.java:131)\n\tat io.qameta.allure.junit5.AllureJunit5.processFixture(AllureJunit5.java:138)\n\tat io.qameta.allure.junit5.AllureJunit5.interceptBeforeEachMethod(AllureJunit5.java:116)\n\tat org.junit.jupiter.engine.execution.InterceptingExecutableInvoker$ReflectiveInterceptorCall.lambda$ofVoidMethod$0(InterceptingExecutableInvoker.java:103)\n\tat org.junit.jupiter.engine.execution.InterceptingExecutableInvoker.lambda$invoke$0(InterceptingExecutableInvoker.java:93)\n\tat org.junit.jupiter.engine.execution.InvocationInterceptorChain$InterceptedInvocation.proceed(InvocationInterceptorChain.java:106)\n\tat org.junit.jupiter.engine.extension.TimeoutExtension.intercept(TimeoutExtension.java:156)\n\tat org.junit.jupiter.engine.extension.TimeoutExtension.interceptLifecycleMethod(TimeoutExtension.java:128)\n\tat org.junit.jupiter.engine.extension.TimeoutExtension.interceptBeforeEachMethod(TimeoutExtension.java:78)\n\tat org.junit.jupiter.engine.execution.InterceptingExecutableInvoker$ReflectiveInterceptorCall.lambda$ofVoidMethod$0(InterceptingExecutableInvoker.java:103)\n\tat org.junit.jupiter.engine.execution.InterceptingExecutableInvoker.lambda$invoke$0(InterceptingExecutableInvoker.java:93)\n\tat org.junit.jupiter.engine.execution.InvocationInterceptorChain$InterceptedInvocation.proceed(InvocationInterceptorChain.java:106)\n\tat org.junit.jupiter.engine.execution.InvocationInterceptorChain.proceed(InvocationInterceptorChain.java:64)\n\tat org.junit.jupiter.engine.execution.InvocationInterceptorChain.chainAndInvoke(InvocationInterceptorChain.java:45)\n\tat org.junit.jupiter.engine.execution.InvocationInterceptorChain.invoke(InvocationInterceptorChain.java:37)\n\tat org.junit.jupiter.engine.execution.InterceptingExecutableInvoker.invoke(InterceptingExecutableInvoker.java:92)\n\tat org.junit.jupiter.engine.execution.InterceptingExecutableInvoker.invoke(InterceptingExecutableInvoker.java:86)\n\tat org.junit.jupiter.engine.descriptor.ClassBasedTestDescriptor.invokeMethodInExtensionContext(ClassBasedTestDescriptor.java:521)\n\tat org.junit.jupiter.engine.descriptor.ClassBasedTestDescriptor.lambda$synthesizeBeforeEachMethodAdapter$23(ClassBasedTestDescriptor.java:506)\n\tat org.junit.jupiter.engine.descriptor.TestMethodTestDescriptor.lambda$invokeBeforeEachMethods$3(TestMethodTestDescriptor.java:175)\n\tat org.junit.jupiter.engine.descriptor.TestMethodTestDescriptor.lambda$invokeBeforeMethodsOrCallbacksUntilExceptionOccurs$6(TestMethodTestDescriptor.java:203)\n\tat org.junit.platform.engine.support.hierarchical.ThrowableCollector.execute(ThrowableCollector.java:73)\n\tat org.junit.jupiter.engine.descriptor.TestMethodTestDescriptor.invokeBeforeMethodsOrCallbacksUntilExceptionOccurs(TestMethodTestDescriptor.java:203)\n\tat org.junit.jupiter.engine.descriptor.TestMethodTestDescriptor.invokeBeforeEachMethods(TestMethodTestDescriptor.java:172)\n\tat org.junit.jupiter.engine.descriptor.TestMethodTestDescriptor.execute(TestMethodTestDescriptor.java:135)\n\tat org.junit.jupiter.engine.descriptor.TestMethodTestDescriptor.execute(TestMethodTestDescriptor.java:69)\n\tat org.junit.platform.engine.support.hierarchical.NodeTestTask.lambda$executeRecursively$6(NodeTestTask.java:151)\n\tat org.junit.platform.engine.support.hierarchical.ThrowableCollector.execute(ThrowableCollector.java:73)\n\tat org.junit.platform.engine.support.hierarchical.NodeTestTask.lambda$executeRecursively$8(NodeTestTask.java:141)\n\tat org.junit.platform.engine.support.hierarchical.Node.around(Node.java:137)\n\tat org.junit.platform.engine.support.hierarchical.NodeTestTask.lambda$executeRecursively$9(NodeTestTask.java:139)\n\tat org.junit.platform.engine.support.hierarchical.ThrowableCollector.execute(ThrowableCollector.java:73)\n\tat org.junit.platform.engine.support.hierarchical.NodeTestTask.executeRecursively(NodeTestTask.java:138)\n\tat org.junit.platform.engine.support.hierarchical.NodeTestTask.execute(NodeTestTask.java:95)\n\tat java.base/java.util.ArrayList.forEach(ArrayList.java:1597)\n\tat org.junit.platform.engine.support.hierarchical.SameThreadHierarchicalTestExecutorService.invokeAll(SameThreadHierarchicalTestExecutorService.java:41)\n\tat org.junit.platform.engine.support.hierarchical.NodeTestTask.lambda$executeRecursively$6(NodeTestTask.java:155)\n\tat org.junit.platform.engine.support.hierarchical.ThrowableCollector.execute(ThrowableCollector.java:73)\n\tat org.junit.platform.engine.support.hierarchical.NodeTestTask.lambda$executeRecursively$8(NodeTestTask.java:141)\n\tat org.junit.platform.engine.support.hierarchical.Node.around(Node.java:137)\n\tat org.junit.platform.engine.support.hierarchical.NodeTestTask.lambda$executeRecursively$9(NodeTestTask.java:139)\n\tat org.junit.platform.engine.support.hierarchical.ThrowableCollector.execute(ThrowableCollector.java:73)\n\tat org.junit.platform.engine.support.hierarchical.NodeTestTask.executeRecursively(NodeTestTask.java:138)\n\tat org.junit.platform.engine.support.hierarchical.NodeTestTask.execute(NodeTestTask.java:95)\n\tat java.base/java.util.ArrayList.forEach(ArrayList.java:1597)\n\tat org.junit.platform.engine.support.hierarchical.SameThreadHierarchicalTestExecutorService.invokeAll(SameThreadHierarchicalTestExecutorService.java:41)\n\tat org.junit.platform.engine.support.hierarchical.NodeTestTask.lambda$executeRecursively$6(NodeTestTask.java:155)\n\tat org.junit.platform.engine.support.hierarchical.ThrowableCollector.execute(ThrowableCollector.java:73)\n\tat org.junit.platform.engine.support.hierarchical.NodeTestTask.lambda$executeRecursively$8(NodeTestTask.java:141)\n\tat org.junit.platform.engine.support.hierarchical.Node.around(Node.java:137)\n\tat org.junit.platform.engine.support.hierarchical.NodeTestTask.lambda$executeRecursively$9(NodeTestTask.java:139)\n\tat org.junit.platform.engine.support.hierarchical.ThrowableCollector.execute(ThrowableCollector.java:73)\n\tat org.junit.platform.engine.support.hierarchical.NodeTestTask.executeRecursively(NodeTestTask.java:138)\n\tat org.junit.platform.engine.support.hierarchical.NodeTestTask.execute(NodeTestTask.java:95)\n\tat org.junit.platform.engine.support.hierarchical.SameThreadHierarchicalTestExecutorService.submit(SameThreadHierarchicalTestExecutorService.java:35)\n\tat org.junit.platform.engine.support.hierarchical.HierarchicalTestExecutor.execute(HierarchicalTestExecutor.java:57)\n\tat org.junit.platform.engine.support.hierarchical.HierarchicalTestEngine.execute(HierarchicalTestEngine.java:54)\n\tat org.junit.platform.launcher.core.EngineExecutionOrchestrator.execute(EngineExecutionOrchestrator.java:198)\n\tat org.junit.platform.launcher.core.EngineExecutionOrchestrator.execute(EngineExecutionOrchestrator.java:169)\n\tat org.junit.platform.launcher.core.EngineExecutionOrchestrator.execute(EngineExecutionOrchestrator.java:93)\n\tat org.junit.platform.launcher.core.EngineExecutionOrchestrator.lambda$execute$0(EngineExecutionOrchestrator.java:58)\n\tat org.junit.platform.launcher.core.EngineExecutionOrchestrator.withInterceptedStreams(EngineExecutionOrchestrator.java:141)\n\tat org.junit.platform.launcher.core.EngineExecutionOrchestrator.execute(EngineExecutionOrchestrator.java:57)\n\tat org.junit.platform.launcher.core.DefaultLauncher.execute(DefaultLauncher.java:103)\n\tat org.junit.platform.launcher.core.DefaultLauncher.execute(DefaultLauncher.java:85)\n\tat org.junit.platform.launcher.core.DelegatingLauncher.execute(DelegatingLauncher.java:47)\n\tat org.gradle.api.internal.tasks.testing.junitplatform.JUnitPlatformTestClassProcessor$CollectAllTestClassesExecutor.processAllTestClasses(JUnitPlatformTestClassProcessor.java:124)\n\tat org.gradle.api.internal.tasks.testing.junitplatform.JUnitPlatformTestClassProcessor$CollectAllTestClassesExecutor.access$000(JUnitPlatformTestClassProcessor.java:99)\n\tat org.gradle.api.internal.tasks.testing.junitplatform.JUnitPlatformTestClassProcessor.stop(JUnitPlatformTestClassProcessor.java:94)\n\tat org.gradle.api.internal.tasks.testing.SuiteTestClassProcessor.stop(SuiteTestClassProcessor.java:63)\n\tat java.base/jdk.internal.reflect.DirectMethodHandleAccessor.invoke(DirectMethodHandleAccessor.java:103)\n\tat java.base/java.lang.reflect.Method.invoke(Method.java:580)\n\tat org.gradle.internal.dispatch.ReflectionDispatch.dispatch(ReflectionDispatch.java:36)\n\tat org.gradle.internal.dispatch.ReflectionDispatch.dispatch(ReflectionDispatch.java:24)\n\tat org.gradle.internal.dispatch.ContextClassLoaderDispatch.dispatch(ContextClassLoaderDispatch.java:33)\n\tat org.gradle.internal.dispatch.ProxyDispatchAdapter$DispatchingInvocationHandler.invoke(ProxyDispatchAdapter.java:92)\n\tat jdk.proxy1/jdk.proxy1.$Proxy4.stop(Unknown Source)\n\tat org.gradle.api.internal.tasks.testing.worker.TestWorker$3.run(TestWorker.java:198)\n\tat org.gradle.api.internal.tasks.testing.worker.TestWorker.executeAndMaintainThreadName(TestWorker.java:130)\n\tat org.gradle.api.internal.tasks.testing.worker.TestWorker.execute(TestWorker.java:101)\n\tat org.gradle.api.internal.tasks.testing.worker.TestWorker.execute(TestWorker.java:61)\n\tat org.gradle.process.internal.worker.child.ActionExecutionWorker.execute(ActionExecutionWorker.java:56)\n\tat org.gradle.process.internal.worker.child.SystemApplicationClassLoaderWorker.call(SystemApplicationClassLoaderWorker.java:122)\n\tat org.gradle.process.internal.worker.child.SystemApplicationClassLoaderWorker.call(SystemApplicationClassLoaderWorker.java:69)\n\tat worker.org.gradle.process.internal.worker.GradleWorkerMain.run(GradleWorkerMain.java:69)\n\tat worker.org.gradle.process.internal.worker.GradleWorkerMain.main(GradleWorkerMain.java:74)\n","steps":[],"attachments":[],"parameters":[],"shouldDisplayMessage":true,"stepsCount":0,"attachmentsCount":0,"hasContent":true}],"afterStages":[{"name":"teardown","time":{"start":1729501494559,"stop":1729501494559,"duration":0},"status":"passed","steps":[],"attachments":[],"parameters":[],"shouldDisplayMessage":false,"stepsCount":0,"attachmentsCount":0,"hasContent":false}],"labels":[{"name":"tag","value":"login-locked-user"},{"name":"tag","value":"locked-out-user"},{"name":"tag","value":"regression"},{"name":"junit.platform.uniqueid","value":"[engine:junit-jupiter]/[class:com.github.eataborda.ui.features.LockedOutUserTest]/[method:lockedOutUserTest()]"},{"name":"epic","value":"Login"},{"name":"feature","value":"Error handling"},{"name":"host","value":"fv-az711-519"},{"name":"thread","value":"2314@fv-az711-519.Test worker(1)"},{"name":"framework","value":"junit-platform"},{"name":"language","value":"java"},{"name":"package","value":"com.github.eataborda.ui.features.LockedOutUserTest"},{"name":"testClass","value":"com.github.eataborda.ui.features.LockedOutUserTest"},{"name":"testMethod","value":"lockedOutUserTest"},{"name":"suite","value":"Locked Out User"},{"name":"resultFormat","value":"allure2"}],"parameters":[],"links":[],"hidden":false,"retry":false,"extra":{"severity":"normal","retries":[],"categories":[{"name":"Test defects","matchedStatuses":[],"flaky":false}],"history":{"statistic":{"failed":0,"broken":1,"skipped":0,"passed":22,"unknown":0,"total":23},"items":[{"uid":"587cb4d05676f42","reportUrl":"https://eataborda.github.io/ui-selenium/198//#testresult/587cb4d05676f42","status":"passed","time":{"start":1729155866057,"stop":1729155868682,"duration":2625}},{"uid":"6a3d705c50b5eb6b","reportUrl":"https://eataborda.github.io/ui-selenium/197//#testresult/6a3d705c50b5eb6b","status":"passed","time":{"start":1728896683990,"stop":1728896686539,"duration":2549}},{"uid":"89c41d561d77c01e","reportUrl":"https://eataborda.github.io/ui-selenium/196//#testresult/89c41d561d77c01e","status":"passed","time":{"start":1728551072809,"stop":1728551079586,"duration":6777}},{"uid":"4950c4764e4299e5","reportUrl":"https://eataborda.github.io/ui-selenium/195//#testresult/4950c4764e4299e5","status":"passed","time":{"start":1728291897163,"stop":1728291907247,"duration":10084}},{"uid":"15b3123b8c8c1e39","reportUrl":"https://eataborda.github.io/ui-selenium/194//#testresult/15b3123b8c8c1e39","status":"passed","time":{"start":1727946259073,"stop":1727946261629,"duration":2556}},{"uid":"ba0044b41563945d","reportUrl":"https://eataborda.github.io/ui-selenium/193//#testresult/ba0044b41563945d","status":"passed","time":{"start":1727687100984,"stop":1727687112354,"duration":11370}},{"uid":"39341ff182c05f1","reportUrl":"https://eataborda.github.io/ui-selenium/192//#testresult/39341ff182c05f1","status":"passed","time":{"start":1727341527502,"stop":1727341554237,"duration":26735}},{"uid":"dd0b25825da76c43","reportUrl":"https://eataborda.github.io/ui-selenium/191//#testresult/dd0b25825da76c43","status":"passed","time":{"start":1727082282599,"stop":1727082293660,"duration":11061}},{"uid":"2452ea9e1fda0f1b","reportUrl":"https://eataborda.github.io/ui-selenium/190//#testresult/2452ea9e1fda0f1b","status":"passed","time":{"start":1726736661642,"stop":1726736667840,"duration":6198}},{"uid":"e3af681a40b4ea9c","reportUrl":"https://eataborda.github.io/ui-selenium/189//#testresult/e3af681a40b4ea9c","status":"passed","time":{"start":1726477479677,"stop":1726477498897,"duration":19220}},{"uid":"de4963ed9f556094","reportUrl":"https://eataborda.github.io/ui-selenium/188//#testresult/de4963ed9f556094","status":"passed","time":{"start":1726131861607,"stop":1726131874967,"duration":13360}},{"uid":"c1e3a1c787982ebf","reportUrl":"https://eataborda.github.io/ui-selenium/187//#testresult/c1e3a1c787982ebf","status":"passed","time":{"start":1725872670799,"stop":1725872673496,"duration":2697}},{"uid":"585f890443c5c5f4","reportUrl":"https://eataborda.github.io/ui-selenium/186//#testresult/585f890443c5c5f4","status":"passed","time":{"start":1725527056810,"stop":1725527066806,"duration":9996}},{"uid":"808534de92f2896a","reportUrl":"https://eataborda.github.io/ui-selenium/185//#testresult/808534de92f2896a","status":"passed","time":{"start":1725303266321,"stop":1725303276006,"duration":9685}},{"uid":"66bfbb8cfcbf9be3","reportUrl":"https://eataborda.github.io/ui-selenium/184//#testresult/66bfbb8cfcbf9be3","status":"passed","time":{"start":1725301561022,"stop":1725301581448,"duration":20426}},{"uid":"5552bfb1853c5667","reportUrl":"https://eataborda.github.io/ui-selenium/183//#testresult/5552bfb1853c5667","status":"passed","time":{"start":1725292763523,"stop":1725292766129,"duration":2606}},{"uid":"d094f3ee6790f190","reportUrl":"https://eataborda.github.io/ui-selenium/182//#testresult/d094f3ee6790f190","status":"passed","time":{"start":1725291917853,"stop":1725291919945,"duration":2092}},{"uid":"2fefab65b50b90f2","reportUrl":"https://eataborda.github.io/ui-selenium/181//#testresult/2fefab65b50b90f2","status":"passed","time":{"start":1725267878446,"stop":1725267880598,"duration":2152}},{"uid":"e3f7b772576990f6","reportUrl":"https://eataborda.github.io/ui-selenium/180//#testresult/e3f7b772576990f6","status":"passed","time":{"start":1724922274434,"stop":1724922277600,"duration":3166}},{"uid":"7fa865483430ec7c","reportUrl":"https://eataborda.github.io/ui-selenium/179//#testresult/7fa865483430ec7c","status":"passed","time":{"start":1724788176355,"stop":1724788178485,"duration":2130}}]},"tags":["regression","login-locked-user","locked-out-user"]},"source":"da9643f36350cc3c.json","parameterValues":[]}