{"uid":"9d6e5650699ec6f8","name":"Buy items test","fullName":"com.github.eataborda.ui.features.StandardUserTest.buyItemsTest","historyId":"ec0eb34f8b5422957b3afdca24697a2c","time":{"start":1748828452751,"stop":1748828452906,"duration":155},"description":"A complete shopping flow","descriptionHtml":"<p>A complete shopping flow</p>\n","status":"broken","statusMessage":"Could not start a new session. Response code 500. Message: Process unexpectedly closed with status 1 \nHost info: host: 'pkrvmf6wy0o8zjz', ip: '10.1.0.85'\nBuild info: version: '4.33.0', revision: '2c6aaad03a'\nSystem info: os.name: 'Linux', os.arch: 'amd64', os.version: '6.11.0-1014-azure', java.version: '21.0.7'\nDriver info: org.openqa.selenium.firefox.FirefoxDriver\nCommand: [null, newSession {capabilities=[Capabilities {acceptInsecureCerts: true, browserName: firefox, moz:firefoxOptions: {binary: /usr/bin/firefox, prefs: {remote.active-protocols: 1}}}]}]","statusTrace":"org.openqa.selenium.SessionNotCreatedException: Could not start a new session. Response code 500. Message: Process unexpectedly closed with status 1 \nHost info: host: 'pkrvmf6wy0o8zjz', ip: '10.1.0.85'\nBuild info: version: '4.33.0', revision: '2c6aaad03a'\nSystem info: os.name: 'Linux', os.arch: 'amd64', os.version: '6.11.0-1014-azure', java.version: '21.0.7'\nDriver info: org.openqa.selenium.firefox.FirefoxDriver\nCommand: [null, newSession {capabilities=[Capabilities {acceptInsecureCerts: true, browserName: firefox, moz:firefoxOptions: {binary: /usr/bin/firefox, prefs: {remote.active-protocols: 1}}}]}]\n\tat org.openqa.selenium.remote.ProtocolHandshake.createSession(ProtocolHandshake.java:114)\n\tat org.openqa.selenium.remote.ProtocolHandshake.createSession(ProtocolHandshake.java:75)\n\tat org.openqa.selenium.remote.ProtocolHandshake.createSession(ProtocolHandshake.java:61)\n\tat org.openqa.selenium.remote.HttpCommandExecutor.execute(HttpCommandExecutor.java:187)\n\tat org.openqa.selenium.remote.service.DriverCommandExecutor.invokeExecute(DriverCommandExecutor.java:216)\n\tat org.openqa.selenium.remote.service.DriverCommandExecutor.execute(DriverCommandExecutor.java:174)\n\tat org.openqa.selenium.remote.RemoteWebDriver.execute(RemoteWebDriver.java:544)\n\tat org.openqa.selenium.remote.RemoteWebDriver.startSession(RemoteWebDriver.java:244)\n\tat org.openqa.selenium.remote.RemoteWebDriver.<init>(RemoteWebDriver.java:173)\n\tat org.openqa.selenium.firefox.FirefoxDriver.<init>(FirefoxDriver.java:142)\n\tat org.openqa.selenium.firefox.FirefoxDriver.<init>(FirefoxDriver.java:137)\n\tat org.openqa.selenium.firefox.FirefoxDriver.<init>(FirefoxDriver.java:119)\n\tat org.openqa.selenium.firefox.FirefoxDriver.<init>(FirefoxDriver.java:114)\n\tat org.openqa.selenium.firefox.FirefoxDriver.<init>(FirefoxDriver.java:99)\n\tat org.openqa.selenium.firefox.FirefoxDriver.<init>(FirefoxDriver.java:89)\n\tat com.github.eataborda.ui.driver.WebDriverConfig.setupBrowser(WebDriverConfig.java:37)\n\tat com.github.eataborda.ui.features.StandardUserTest.setupTest(StandardUserTest.java:33)\n\tat java.base/java.lang.reflect.Method.invoke(Method.java:580)\n\tat io.qameta.allure.junit5.AllureJunit5.processFixture(AllureJunit5.java:138)\n\tat io.qameta.allure.junit5.AllureJunit5.interceptBeforeEachMethod(AllureJunit5.java:116)\n\tat java.base/java.util.ArrayList.forEach(ArrayList.java:1596)\n\tat java.base/java.util.ArrayList.forEach(ArrayList.java:1596)\n","flaky":false,"newFailed":false,"newBroken":false,"newPassed":false,"retriesCount":0,"retriesStatusChange":false,"beforeStages":[{"name":"setupTest","time":{"start":1748828452751,"stop":1748828452905,"duration":154},"status":"broken","statusMessage":"Could not start a new session. Response code 500. Message: Process unexpectedly closed with status 1 \nHost info: host: 'pkrvmf6wy0o8zjz', ip: '10.1.0.85'\nBuild info: version: '4.33.0', revision: '2c6aaad03a'\nSystem info: os.name: 'Linux', os.arch: 'amd64', os.version: '6.11.0-1014-azure', java.version: '21.0.7'\nDriver info: org.openqa.selenium.firefox.FirefoxDriver\nCommand: [null, newSession {capabilities=[Capabilities {acceptInsecureCerts: true, browserName: firefox, moz:firefoxOptions: {binary: /usr/bin/firefox, prefs: {remote.active-protocols: 1}}}]}]","statusTrace":"org.openqa.selenium.SessionNotCreatedException: Could not start a new session. Response code 500. Message: Process unexpectedly closed with status 1 \nHost info: host: 'pkrvmf6wy0o8zjz', ip: '10.1.0.85'\nBuild info: version: '4.33.0', revision: '2c6aaad03a'\nSystem info: os.name: 'Linux', os.arch: 'amd64', os.version: '6.11.0-1014-azure', java.version: '21.0.7'\nDriver info: org.openqa.selenium.firefox.FirefoxDriver\nCommand: [null, newSession {capabilities=[Capabilities {acceptInsecureCerts: true, browserName: firefox, moz:firefoxOptions: {binary: /usr/bin/firefox, prefs: {remote.active-protocols: 1}}}]}]\n\tat org.openqa.selenium.remote.ProtocolHandshake.createSession(ProtocolHandshake.java:114)\n\tat org.openqa.selenium.remote.ProtocolHandshake.createSession(ProtocolHandshake.java:75)\n\tat org.openqa.selenium.remote.ProtocolHandshake.createSession(ProtocolHandshake.java:61)\n\tat org.openqa.selenium.remote.HttpCommandExecutor.execute(HttpCommandExecutor.java:187)\n\tat org.openqa.selenium.remote.service.DriverCommandExecutor.invokeExecute(DriverCommandExecutor.java:216)\n\tat org.openqa.selenium.remote.service.DriverCommandExecutor.execute(DriverCommandExecutor.java:174)\n\tat org.openqa.selenium.remote.RemoteWebDriver.execute(RemoteWebDriver.java:544)\n\tat org.openqa.selenium.remote.RemoteWebDriver.startSession(RemoteWebDriver.java:244)\n\tat org.openqa.selenium.remote.RemoteWebDriver.<init>(RemoteWebDriver.java:173)\n\tat org.openqa.selenium.firefox.FirefoxDriver.<init>(FirefoxDriver.java:142)\n\tat org.openqa.selenium.firefox.FirefoxDriver.<init>(FirefoxDriver.java:137)\n\tat org.openqa.selenium.firefox.FirefoxDriver.<init>(FirefoxDriver.java:119)\n\tat org.openqa.selenium.firefox.FirefoxDriver.<init>(FirefoxDriver.java:114)\n\tat org.openqa.selenium.firefox.FirefoxDriver.<init>(FirefoxDriver.java:99)\n\tat org.openqa.selenium.firefox.FirefoxDriver.<init>(FirefoxDriver.java:89)\n\tat com.github.eataborda.ui.driver.WebDriverConfig.setupBrowser(WebDriverConfig.java:37)\n\tat com.github.eataborda.ui.features.StandardUserTest.setupTest(StandardUserTest.java:33)\n\tat java.base/jdk.internal.reflect.DirectMethodHandleAccessor.invoke(DirectMethodHandleAccessor.java:103)\n\tat java.base/java.lang.reflect.Method.invoke(Method.java:580)\n\tat org.junit.platform.commons.util.ReflectionUtils.invokeMethod(ReflectionUtils.java:787)\n\tat org.junit.platform.commons.support.ReflectionSupport.invokeMethod(ReflectionSupport.java:479)\n\tat org.junit.jupiter.engine.execution.MethodInvocation.proceed(MethodInvocation.java:60)\n\tat org.junit.jupiter.engine.execution.InvocationInterceptorChain$ValidatingInvocation.proceed(InvocationInterceptorChain.java:131)\n\tat io.qameta.allure.junit5.AllureJunit5.processFixture(AllureJunit5.java:138)\n\tat io.qameta.allure.junit5.AllureJunit5.interceptBeforeEachMethod(AllureJunit5.java:116)\n\tat org.junit.jupiter.engine.execution.InterceptingExecutableInvoker$ReflectiveInterceptorCall.lambda$ofVoidMethod$0(InterceptingExecutableInvoker.java:112)\n\tat org.junit.jupiter.engine.execution.InterceptingExecutableInvoker.lambda$invoke$0(InterceptingExecutableInvoker.java:94)\n\tat org.junit.jupiter.engine.execution.InvocationInterceptorChain$InterceptedInvocation.proceed(InvocationInterceptorChain.java:106)\n\tat org.junit.jupiter.engine.extension.TimeoutExtension.intercept(TimeoutExtension.java:161)\n\tat org.junit.jupiter.engine.extension.TimeoutExtension.interceptLifecycleMethod(TimeoutExtension.java:133)\n\tat org.junit.jupiter.engine.extension.TimeoutExtension.interceptBeforeEachMethod(TimeoutExtension.java:83)\n\tat org.junit.jupiter.engine.execution.InterceptingExecutableInvoker$ReflectiveInterceptorCall.lambda$ofVoidMethod$0(InterceptingExecutableInvoker.java:112)\n\tat org.junit.jupiter.engine.execution.InterceptingExecutableInvoker.lambda$invoke$0(InterceptingExecutableInvoker.java:94)\n\tat org.junit.jupiter.engine.execution.InvocationInterceptorChain$InterceptedInvocation.proceed(InvocationInterceptorChain.java:106)\n\tat org.junit.jupiter.engine.execution.InvocationInterceptorChain.proceed(InvocationInterceptorChain.java:64)\n\tat org.junit.jupiter.engine.execution.InvocationInterceptorChain.chainAndInvoke(InvocationInterceptorChain.java:45)\n\tat org.junit.jupiter.engine.execution.InvocationInterceptorChain.invoke(InvocationInterceptorChain.java:37)\n\tat org.junit.jupiter.engine.execution.InterceptingExecutableInvoker.invoke(InterceptingExecutableInvoker.java:93)\n\tat org.junit.jupiter.engine.execution.InterceptingExecutableInvoker.invoke(InterceptingExecutableInvoker.java:87)\n\tat org.junit.jupiter.engine.descriptor.ClassBasedTestDescriptor.invokeMethodInExtensionContext(ClassBasedTestDescriptor.java:547)\n\tat org.junit.jupiter.engine.descriptor.ClassBasedTestDescriptor.lambda$synthesizeBeforeEachMethodAdapter$20(ClassBasedTestDescriptor.java:532)\n\tat org.junit.jupiter.engine.descriptor.TestMethodTestDescriptor.lambda$invokeBeforeEachMethods$2(TestMethodTestDescriptor.java:193)\n\tat org.junit.jupiter.engine.descriptor.CallbackSupport.lambda$invokeBeforeCallbacks$0(CallbackSupport.java:34)\n\tat org.junit.platform.engine.support.hierarchical.ThrowableCollector.execute(ThrowableCollector.java:73)\n\tat org.junit.jupiter.engine.descriptor.CallbackSupport.invokeBeforeCallbacks(CallbackSupport.java:34)\n\tat org.junit.jupiter.engine.descriptor.TestMethodTestDescriptor.invokeBeforeEachMethods(TestMethodTestDescriptor.java:191)\n\tat org.junit.jupiter.engine.descriptor.TestMethodTestDescriptor.execute(TestMethodTestDescriptor.java:155)\n\tat org.junit.jupiter.engine.descriptor.TestMethodTestDescriptor.execute(TestMethodTestDescriptor.java:70)\n\tat org.junit.platform.engine.support.hierarchical.NodeTestTask.lambda$executeRecursively$6(NodeTestTask.java:157)\n\tat org.junit.platform.engine.support.hierarchical.ThrowableCollector.execute(ThrowableCollector.java:73)\n\tat org.junit.platform.engine.support.hierarchical.NodeTestTask.lambda$executeRecursively$8(NodeTestTask.java:147)\n\tat org.junit.platform.engine.support.hierarchical.Node.around(Node.java:137)\n\tat org.junit.platform.engine.support.hierarchical.NodeTestTask.lambda$executeRecursively$9(NodeTestTask.java:145)\n\tat org.junit.platform.engine.support.hierarchical.ThrowableCollector.execute(ThrowableCollector.java:73)\n\tat org.junit.platform.engine.support.hierarchical.NodeTestTask.executeRecursively(NodeTestTask.java:144)\n\tat org.junit.platform.engine.support.hierarchical.NodeTestTask.execute(NodeTestTask.java:101)\n\tat java.base/java.util.ArrayList.forEach(ArrayList.java:1596)\n\tat org.junit.platform.engine.support.hierarchical.SameThreadHierarchicalTestExecutorService.invokeAll(SameThreadHierarchicalTestExecutorService.java:41)\n\tat org.junit.platform.engine.support.hierarchical.NodeTestTask.lambda$executeRecursively$6(NodeTestTask.java:161)\n\tat org.junit.platform.engine.support.hierarchical.ThrowableCollector.execute(ThrowableCollector.java:73)\n\tat org.junit.platform.engine.support.hierarchical.NodeTestTask.lambda$executeRecursively$8(NodeTestTask.java:147)\n\tat org.junit.platform.engine.support.hierarchical.Node.around(Node.java:137)\n\tat org.junit.platform.engine.support.hierarchical.NodeTestTask.lambda$executeRecursively$9(NodeTestTask.java:145)\n\tat org.junit.platform.engine.support.hierarchical.ThrowableCollector.execute(ThrowableCollector.java:73)\n\tat org.junit.platform.engine.support.hierarchical.NodeTestTask.executeRecursively(NodeTestTask.java:144)\n\tat org.junit.platform.engine.support.hierarchical.NodeTestTask.execute(NodeTestTask.java:101)\n\tat java.base/java.util.ArrayList.forEach(ArrayList.java:1596)\n\tat org.junit.platform.engine.support.hierarchical.SameThreadHierarchicalTestExecutorService.invokeAll(SameThreadHierarchicalTestExecutorService.java:41)\n\tat org.junit.platform.engine.support.hierarchical.NodeTestTask.lambda$executeRecursively$6(NodeTestTask.java:161)\n\tat org.junit.platform.engine.support.hierarchical.ThrowableCollector.execute(ThrowableCollector.java:73)\n\tat org.junit.platform.engine.support.hierarchical.NodeTestTask.lambda$executeRecursively$8(NodeTestTask.java:147)\n\tat org.junit.platform.engine.support.hierarchical.Node.around(Node.java:137)\n\tat org.junit.platform.engine.support.hierarchical.NodeTestTask.lambda$executeRecursively$9(NodeTestTask.java:145)\n\tat org.junit.platform.engine.support.hierarchical.ThrowableCollector.execute(ThrowableCollector.java:73)\n\tat org.junit.platform.engine.support.hierarchical.NodeTestTask.executeRecursively(NodeTestTask.java:144)\n\tat org.junit.platform.engine.support.hierarchical.NodeTestTask.execute(NodeTestTask.java:101)\n\tat org.junit.platform.engine.support.hierarchical.SameThreadHierarchicalTestExecutorService.submit(SameThreadHierarchicalTestExecutorService.java:35)\n\tat org.junit.platform.engine.support.hierarchical.HierarchicalTestExecutor.execute(HierarchicalTestExecutor.java:57)\n\tat org.junit.platform.engine.support.hierarchical.HierarchicalTestEngine.execute(HierarchicalTestEngine.java:54)\n\tat org.junit.platform.launcher.core.EngineExecutionOrchestrator.executeEngine(EngineExecutionOrchestrator.java:230)\n\tat org.junit.platform.launcher.core.EngineExecutionOrchestrator.failOrExecuteEngine(EngineExecutionOrchestrator.java:204)\n\tat org.junit.platform.launcher.core.EngineExecutionOrchestrator.execute(EngineExecutionOrchestrator.java:172)\n\tat org.junit.platform.launcher.core.EngineExecutionOrchestrator.execute(EngineExecutionOrchestrator.java:101)\n\tat org.junit.platform.launcher.core.EngineExecutionOrchestrator.lambda$execute$0(EngineExecutionOrchestrator.java:64)\n\tat org.junit.platform.launcher.core.EngineExecutionOrchestrator.withInterceptedStreams(EngineExecutionOrchestrator.java:150)\n\tat org.junit.platform.launcher.core.EngineExecutionOrchestrator.execute(EngineExecutionOrchestrator.java:63)\n\tat org.junit.platform.launcher.core.DefaultLauncher.execute(DefaultLauncher.java:109)\n\tat org.junit.platform.launcher.core.DefaultLauncher.execute(DefaultLauncher.java:91)\n\tat org.junit.platform.launcher.core.DelegatingLauncher.execute(DelegatingLauncher.java:47)\n\tat org.junit.platform.launcher.core.InterceptingLauncher.lambda$execute$1(InterceptingLauncher.java:39)\n\tat org.junit.platform.launcher.core.ClasspathAlignmentCheckingLauncherInterceptor.intercept(ClasspathAlignmentCheckingLauncherInterceptor.java:25)\n\tat org.junit.platform.launcher.core.InterceptingLauncher.execute(InterceptingLauncher.java:38)\n\tat org.junit.platform.launcher.core.DelegatingLauncher.execute(DelegatingLauncher.java:47)\n\tat org.gradle.api.internal.tasks.testing.junitplatform.JUnitPlatformTestClassProcessor$CollectAllTestClassesExecutor.processAllTestClasses(JUnitPlatformTestClassProcessor.java:124)\n\tat org.gradle.api.internal.tasks.testing.junitplatform.JUnitPlatformTestClassProcessor$CollectAllTestClassesExecutor.access$000(JUnitPlatformTestClassProcessor.java:99)\n\tat org.gradle.api.internal.tasks.testing.junitplatform.JUnitPlatformTestClassProcessor.stop(JUnitPlatformTestClassProcessor.java:94)\n\tat org.gradle.api.internal.tasks.testing.SuiteTestClassProcessor.stop(SuiteTestClassProcessor.java:63)\n\tat java.base/jdk.internal.reflect.DirectMethodHandleAccessor.invoke(DirectMethodHandleAccessor.java:103)\n\tat java.base/java.lang.reflect.Method.invoke(Method.java:580)\n\tat org.gradle.internal.dispatch.ReflectionDispatch.dispatch(ReflectionDispatch.java:36)\n\tat org.gradle.internal.dispatch.ReflectionDispatch.dispatch(ReflectionDispatch.java:24)\n\tat org.gradle.internal.dispatch.ContextClassLoaderDispatch.dispatch(ContextClassLoaderDispatch.java:33)\n\tat org.gradle.internal.dispatch.ProxyDispatchAdapter$DispatchingInvocationHandler.invoke(ProxyDispatchAdapter.java:92)\n\tat jdk.proxy1/jdk.proxy1.$Proxy4.stop(Unknown Source)\n\tat org.gradle.api.internal.tasks.testing.worker.TestWorker$3.run(TestWorker.java:198)\n\tat org.gradle.api.internal.tasks.testing.worker.TestWorker.executeAndMaintainThreadName(TestWorker.java:130)\n\tat org.gradle.api.internal.tasks.testing.worker.TestWorker.execute(TestWorker.java:101)\n\tat org.gradle.api.internal.tasks.testing.worker.TestWorker.execute(TestWorker.java:61)\n\tat org.gradle.process.internal.worker.child.ActionExecutionWorker.execute(ActionExecutionWorker.java:56)\n\tat org.gradle.process.internal.worker.child.SystemApplicationClassLoaderWorker.call(SystemApplicationClassLoaderWorker.java:122)\n\tat org.gradle.process.internal.worker.child.SystemApplicationClassLoaderWorker.call(SystemApplicationClassLoaderWorker.java:69)\n\tat worker.org.gradle.process.internal.worker.GradleWorkerMain.run(GradleWorkerMain.java:69)\n\tat worker.org.gradle.process.internal.worker.GradleWorkerMain.main(GradleWorkerMain.java:74)\n","steps":[],"attachments":[],"parameters":[],"shouldDisplayMessage":true,"stepsCount":0,"attachmentsCount":0,"hasContent":true}],"afterStages":[{"name":"teardown","time":{"start":1748828452905,"stop":1748828452905,"duration":0},"status":"passed","steps":[],"attachments":[],"parameters":[],"shouldDisplayMessage":false,"stepsCount":0,"attachmentsCount":0,"hasContent":false}],"labels":[{"name":"tag","value":"buy-items"},{"name":"tag","value":"standard-user"},{"name":"tag","value":"smoke"},{"name":"tag","value":"regression"},{"name":"junit.platform.uniqueid","value":"[engine:junit-jupiter]/[class:com.github.eataborda.ui.features.StandardUserTest]/[method:buyItemsTest()]"},{"name":"epic","value":"Shopping"},{"name":"feature","value":"Buy Items"},{"name":"host","value":"pkrvmf6wy0o8zjz"},{"name":"thread","value":"2577@pkrvmf6wy0o8zjz.Test worker(1)"},{"name":"framework","value":"junit-platform"},{"name":"language","value":"java"},{"name":"package","value":"com.github.eataborda.ui.features.StandardUserTest"},{"name":"testClass","value":"com.github.eataborda.ui.features.StandardUserTest"},{"name":"testMethod","value":"buyItemsTest"},{"name":"suite","value":"Standard User"},{"name":"resultFormat","value":"allure2"}],"parameters":[],"links":[],"hidden":false,"retry":false,"extra":{"severity":"normal","retries":[],"categories":[{"name":"Test defects","matchedStatuses":[],"flaky":false}],"history":{"statistic":{"failed":0,"broken":62,"skipped":0,"passed":48,"unknown":0,"total":110},"items":[{"uid":"7d4ea464188abf9","reportUrl":"https://eataborda.github.io/ui-selenium/286//#testresult/7d4ea464188abf9","status":"broken","statusDetails":"Could not start a new session. Response code 500. Message: Process unexpectedly closed with status 1 \nHost info: host: 'pkrvmf6wy0o8zjz', ip: '10.1.0.9'\nBuild info: version: '4.33.0', revision: '2c6aaad03a'\nSystem info: os.name: 'Linux', os.arch: 'amd64', os.version: '6.11.0-1014-azure', java.version: '21.0.7'\nDriver info: org.openqa.selenium.firefox.FirefoxDriver\nCommand: [null, newSession {capabilities=[Capabilities {acceptInsecureCerts: true, browserName: firefox, moz:firefoxOptions: {binary: /usr/bin/firefox, prefs: {remote.active-protocols: 1}}}]}]","time":{"start":1748827468444,"stop":1748827468595,"duration":151}},{"uid":"8e21b4a56a45af14","reportUrl":"https://eataborda.github.io/ui-selenium/285//#testresult/8e21b4a56a45af14","status":"broken","statusDetails":"Could not start a new session. Response code 500. Message: Process unexpectedly closed with status 1 \nHost info: host: 'pkrvmf6wy0o8zjz', ip: '10.1.0.192'\nBuild info: version: '4.33.0', revision: '2c6aaad03a'\nSystem info: os.name: 'Linux', os.arch: 'amd64', os.version: '6.11.0-1014-azure', java.version: '21.0.7'\nDriver info: org.openqa.selenium.firefox.FirefoxDriver\nCommand: [null, newSession {capabilities=[Capabilities {acceptInsecureCerts: true, browserName: firefox, moz:firefoxOptions: {binary: /usr/bin/firefox, prefs: {remote.active-protocols: 1}}}]}]","time":{"start":1748827215709,"stop":1748827215865,"duration":156}},{"uid":"d28eff2eca5e9256","reportUrl":"https://eataborda.github.io/ui-selenium/284//#testresult/d28eff2eca5e9256","status":"broken","statusDetails":"Expected condition failed: waiting for element to be clickable: Proxy element for: DefaultElementLocator 'By.id: checkout' (tried for 5 second(s) with 500 milliseconds interval)","time":{"start":1748826707626,"stop":1748826714833,"duration":7207}},{"uid":"83ff4a8d1c6eb648","reportUrl":"https://eataborda.github.io/ui-selenium/283//#testresult/83ff4a8d1c6eb648","status":"broken","statusDetails":"Expected condition failed: waiting for element to be clickable: Proxy element for: DefaultElementLocator 'By.id: checkout' (tried for 5 second(s) with 500 milliseconds interval)","time":{"start":1748826434388,"stop":1748826441601,"duration":7213}},{"uid":"e67382e36e47f0c3","reportUrl":"https://eataborda.github.io/ui-selenium/282//#testresult/e67382e36e47f0c3","status":"broken","statusDetails":"Expected condition failed: waiting for element to be clickable: Proxy element for: DefaultElementLocator 'By.id: checkout' (tried for 5 second(s) with 500 milliseconds interval)","time":{"start":1748822869257,"stop":1748822876460,"duration":7203}},{"uid":"f2d36070287ae5ba","reportUrl":"https://eataborda.github.io/ui-selenium/281//#testresult/f2d36070287ae5ba","status":"broken","statusDetails":"Could not start a new session. Response code 500. Message: Process unexpectedly closed with status 1 \nHost info: host: 'pkrvmf6wy0o8zjz', ip: '10.1.0.112'\nBuild info: version: '4.33.0', revision: '2c6aaad03a'\nSystem info: os.name: 'Linux', os.arch: 'amd64', os.version: '6.11.0-1014-azure', java.version: '21.0.7'\nDriver info: org.openqa.selenium.firefox.FirefoxDriver\nCommand: [null, newSession {capabilities=[Capabilities {acceptInsecureCerts: true, browserName: firefox, moz:firefoxOptions: {binary: /usr/bin/firefox, prefs: {remote.active-protocols: 1}}}]}]","time":{"start":1748822647829,"stop":1748822647978,"duration":149}},{"uid":"252b7f92203cd47e","reportUrl":"https://eataborda.github.io/ui-selenium/280//#testresult/252b7f92203cd47e","status":"broken","statusDetails":"Expected condition failed: waiting for element to be clickable: Proxy element for: DefaultElementLocator 'By.id: checkout' (tried for 5 second(s) with 500 milliseconds interval)","time":{"start":1748821957664,"stop":1748821964862,"duration":7198}},{"uid":"d3f6beee5c71d09c","reportUrl":"https://eataborda.github.io/ui-selenium/279//#testresult/d3f6beee5c71d09c","status":"broken","statusDetails":"Could not start a new session. Response code 500. Message: session not created: probably user data directory is already in use, please specify a unique value for --user-data-dir argument, or don't use --user-data-dir \nHost info: host: 'pkrvmf6wy0o8zjz', ip: '10.1.0.22'\nBuild info: version: '4.33.0', revision: '2c6aaad03a'\nSystem info: os.name: 'Linux', os.arch: 'amd64', os.version: '6.11.0-1014-azure', java.version: '21.0.7'\nDriver info: org.openqa.selenium.chrome.ChromeDriver\nCommand: [null, newSession {capabilities=[Capabilities {browserName: chrome, goog:chromeOptions: {args: [--incognito;--headless=new;...], binary: /usr/bin/google-chrome, extensions: []}}]}]","time":{"start":1748821753244,"stop":1748821753464,"duration":220}},{"uid":"547904bd72ea9ac6","reportUrl":"https://eataborda.github.io/ui-selenium/278//#testresult/547904bd72ea9ac6","status":"broken","statusDetails":"Could not start a new session. Response code 500. Message: session not created: probably user data directory is already in use, please specify a unique value for --user-data-dir argument, or don't use --user-data-dir \nHost info: host: 'pkrvmf6wy0o8zjz', ip: '10.1.0.100'\nBuild info: version: '4.33.0', revision: '2c6aaad03a'\nSystem info: os.name: 'Linux', os.arch: 'amd64', os.version: '6.11.0-1014-azure', java.version: '21.0.7'\nDriver info: org.openqa.selenium.chrome.ChromeDriver\nCommand: [null, newSession {capabilities=[Capabilities {browserName: chrome, goog:chromeOptions: {args: [--incognito;--headless=new;...], binary: /usr/bin/google-chrome, extensions: []}}]}]","time":{"start":1748821557146,"stop":1748821557365,"duration":219}},{"uid":"b9b09c7f911e258e","reportUrl":"https://eataborda.github.io/ui-selenium/277//#testresult/b9b09c7f911e258e","status":"broken","statusDetails":"Could not start a new session. Response code 500. Message: session not created: probably user data directory is already in use, please specify a unique value for --user-data-dir argument, or don't use --user-data-dir \nHost info: host: 'pkrvmf6wy0o8zjz', ip: '10.1.0.236'\nBuild info: version: '4.33.0', revision: '2c6aaad03a'\nSystem info: os.name: 'Linux', os.arch: 'amd64', os.version: '6.11.0-1014-azure', java.version: '21.0.7'\nDriver info: org.openqa.selenium.chrome.ChromeDriver\nCommand: [null, newSession {capabilities=[Capabilities {browserName: chrome, goog:chromeOptions: {args: [--incognito --headless=new ...], binary: /usr/bin/google-chrome, extensions: []}}]}]","time":{"start":1748821399512,"stop":1748821399730,"duration":218}},{"uid":"cdf46c738f305a75","reportUrl":"https://eataborda.github.io/ui-selenium/276//#testresult/cdf46c738f305a75","status":"broken","statusDetails":"Could not start a new session. Response code 500. Message: session not created: probably user data directory is already in use, please specify a unique value for --user-data-dir argument, or don't use --user-data-dir \nHost info: host: 'pkrvmf6wy0o8zjz', ip: '10.1.0.36'\nBuild info: version: '4.33.0', revision: '2c6aaad03a'\nSystem info: os.name: 'Linux', os.arch: 'amd64', os.version: '6.11.0-1014-azure', java.version: '21.0.7'\nDriver info: org.openqa.selenium.chrome.ChromeDriver\nCommand: [null, newSession {capabilities=[Capabilities {browserName: chrome, goog:chromeOptions: {args: [--incognito --headless=new ...], binary: /usr/bin/google-chrome, extensions: []}}]}]","time":{"start":1748821241279,"stop":1748821241499,"duration":220}},{"uid":"e588e0528a841e5b","reportUrl":"https://eataborda.github.io/ui-selenium/275//#testresult/e588e0528a841e5b","status":"broken","statusDetails":"Could not start a new session. Response code 500. Message: session not created: probably user data directory is already in use, please specify a unique value for --user-data-dir argument, or don't use --user-data-dir \nHost info: host: 'pkrvmf6wy0o8zjz', ip: '10.1.0.235'\nBuild info: version: '4.33.0', revision: '2c6aaad03a'\nSystem info: os.name: 'Linux', os.arch: 'amd64', os.version: '6.11.0-1014-azure', java.version: '21.0.7'\nDriver info: org.openqa.selenium.chrome.ChromeDriver\nCommand: [null, newSession {capabilities=[Capabilities {browserName: chrome, goog:chromeOptions: {args: [--incognito;--headless=new;...], binary: /usr/bin/google-chrome, extensions: []}}]}]","time":{"start":1748820781586,"stop":1748820781803,"duration":217}},{"uid":"1abf62768e6b306f","reportUrl":"https://eataborda.github.io/ui-selenium/274//#testresult/1abf62768e6b306f","status":"broken","statusDetails":"Expected condition failed: waiting for element to be clickable: Proxy element for: DefaultElementLocator 'By.id: checkout' (tried for 5 second(s) with 500 milliseconds interval)","time":{"start":1748820530077,"stop":1748820537401,"duration":7324}},{"uid":"8349d981cc786cc4","reportUrl":"https://eataborda.github.io/ui-selenium/273//#testresult/8349d981cc786cc4","status":"broken","statusDetails":"Expected condition failed: waiting for element to be clickable: Proxy element for: DefaultElementLocator 'By.id: checkout' (tried for 5 second(s) with 500 milliseconds interval)","time":{"start":1748819758592,"stop":1748819765781,"duration":7189}},{"uid":"a23693e5341ca58b","reportUrl":"https://eataborda.github.io/ui-selenium/272//#testresult/a23693e5341ca58b","status":"broken","statusDetails":"Could not start a new session. Response code 500. Message: session not created: probably user data directory is already in use, please specify a unique value for --user-data-dir argument, or don't use --user-data-dir \nHost info: host: 'pkrvmf6wy0o8zjz', ip: '10.1.0.147'\nBuild info: version: '4.33.0', revision: '2c6aaad03a'\nSystem info: os.name: 'Linux', os.arch: 'amd64', os.version: '6.11.0-1014-azure', java.version: '21.0.7'\nDriver info: org.openqa.selenium.chrome.ChromeDriver\nCommand: [null, newSession {capabilities=[Capabilities {browserName: chrome, goog:chromeOptions: {args: [--incognito;--headless=new;...], binary: /usr/bin/google-chrome, extensions: []}}]}]","time":{"start":1748819312791,"stop":1748819313010,"duration":219}},{"uid":"38af849ef7d17344","reportUrl":"https://eataborda.github.io/ui-selenium/271//#testresult/38af849ef7d17344","status":"broken","statusDetails":"Could not start a new session. Response code 500. Message: session not created: probably user data directory is already in use, please specify a unique value for --user-data-dir argument, or don't use --user-data-dir \nHost info: host: 'pkrvmf6wy0o8zjz', ip: '10.1.0.13'\nBuild info: version: '4.33.0', revision: '2c6aaad03a'\nSystem info: os.name: 'Linux', os.arch: 'amd64', os.version: '6.11.0-1014-azure', java.version: '21.0.7'\nDriver info: org.openqa.selenium.chrome.ChromeDriver\nCommand: [null, newSession {capabilities=[Capabilities {browserName: chrome, goog:chromeOptions: {args: [--incognito;--headless=new;...], binary: /usr/bin/google-chrome, extensions: []}}]}]","time":{"start":1748819146728,"stop":1748819147005,"duration":277}},{"uid":"1125fcafe7ba02a0","reportUrl":"https://eataborda.github.io/ui-selenium/270//#testresult/1125fcafe7ba02a0","status":"broken","statusDetails":"Expected condition failed: waiting for element to be clickable: Proxy element for: DefaultElementLocator 'By.id: checkout' (tried for 5 second(s) with 700 milliseconds interval)","time":{"start":1748816667000,"stop":1748816673980,"duration":6980}},{"uid":"d0af53d8527554de","reportUrl":"https://eataborda.github.io/ui-selenium/269//#testresult/d0af53d8527554de","status":"broken","statusDetails":"Expected condition failed: waiting for element to be clickable: Proxy element for: DefaultElementLocator 'By.id: checkout' (tried for 5 second(s) with 500 milliseconds interval)","time":{"start":1748815870078,"stop":1748815877270,"duration":7192}},{"uid":"75813b5148bc71b5","reportUrl":"https://eataborda.github.io/ui-selenium/268//#testresult/75813b5148bc71b5","status":"broken","statusDetails":"Expected condition failed: waiting for element to be clickable: Proxy element for: DefaultElementLocator 'By.id: checkout' (tried for 5 second(s) with 500 milliseconds interval)","time":{"start":1748815588573,"stop":1748815595782,"duration":7209}},{"uid":"ff7b7d644c9f1033","reportUrl":"https://eataborda.github.io/ui-selenium/267//#testresult/ff7b7d644c9f1033","status":"broken","statusDetails":"Expected condition failed: waiting for element to be clickable: Proxy element for: DefaultElementLocator 'By.id: checkout' (tried for 5 second(s) with 500 milliseconds interval)","time":{"start":1748814983660,"stop":1748814990861,"duration":7201}}]},"tags":["standard-user","regression","smoke","buy-items"]},"source":"9d6e5650699ec6f8.json","parameterValues":[]}